{"/Users/huqianghui/Downloads/1.github/AI-avatar-vibe-coding/frontend/src/stores/auth-store.ts":{"path":"/Users/huqianghui/Downloads/1.github/AI-avatar-vibe-coding/frontend/src/stores/auth-store.ts","statementMap":{"0":{"start":{"line":2,"column":16},"end":{"line":5,"column":1}},"1":{"start":{"line":6,"column":34},"end":{"line":6,"column":43}},"2":{"start":{"line":8,"column":2},"end":{"line":8,"column":26}},"3":{"start":{"line":9,"column":2},"end":{"line":11,"column":4}},"4":{"start":{"line":10,"column":4},"end":{"line":10,"column":31}},"5":{"start":{"line":14,"column":2},"end":{"line":14,"column":19}},"6":{"start":{"line":17,"column":2},"end":{"line":19,"column":3}},"7":{"start":{"line":18,"column":4},"end":{"line":18,"column":15}},"8":{"start":{"line":22,"column":2},"end":{"line":22,"column":46}},"9":{"start":{"line":23,"column":2},"end":{"line":23,"column":30}},"10":{"start":{"line":24,"column":2},"end":{"line":24,"column":15}},"11":{"start":{"line":27,"column":2},"end":{"line":27,"column":42}},"12":{"start":{"line":28,"column":2},"end":{"line":28,"column":42}},"13":{"start":{"line":29,"column":2},"end":{"line":29,"column":15}},"14":{"start":{"line":32,"column":16},"end":{"line":32,"column":60}},"15":{"start":{"line":33,"column":2},"end":{"line":39,"column":4}}},"fnMap":{"0":{"name":"subscribe","decl":{"start":{"line":7,"column":9},"end":{"line":7,"column":18}},"loc":{"start":{"line":7,"column":29},"end":{"line":12,"column":1}},"line":7},"1":{"name":"(anonymous_1)","decl":{"start":{"line":9,"column":9},"end":{"line":9,"column":10}},"loc":{"start":{"line":9,"column":15},"end":{"line":11,"column":3}},"line":9},"2":{"name":"getSnapshot","decl":{"start":{"line":13,"column":9},"end":{"line":13,"column":20}},"loc":{"start":{"line":13,"column":23},"end":{"line":15,"column":1}},"line":13},"3":{"name":"emitChange","decl":{"start":{"line":16,"column":9},"end":{"line":16,"column":19}},"loc":{"start":{"line":16,"column":22},"end":{"line":20,"column":1}},"line":16},"4":{"name":"setAuth","decl":{"start":{"line":21,"column":16},"end":{"line":21,"column":23}},"loc":{"start":{"line":21,"column":37},"end":{"line":25,"column":1}},"line":21},"5":{"name":"clearAuth","decl":{"start":{"line":26,"column":16},"end":{"line":26,"column":25}},"loc":{"start":{"line":26,"column":28},"end":{"line":30,"column":1}},"line":26},"6":{"name":"useAuthStore","decl":{"start":{"line":31,"column":16},"end":{"line":31,"column":28}},"loc":{"start":{"line":31,"column":31},"end":{"line":40,"column":1}},"line":31}},"branchMap":{},"s":{"0":1,"1":1,"2":12,"3":12,"4":6,"5":62,"6":1,"7":3,"8":1,"9":1,"10":1,"11":0,"12":0,"13":0,"14":23,"15":22},"f":{"0":12,"1":6,"2":62,"3":1,"4":1,"5":0,"6":23},"b":{},"inputSourceMap":{"version":3,"sources":["/Users/huqianghui/Downloads/1.github/AI-avatar-vibe-coding/frontend/src/stores/auth-store.ts"],"mappings":"AAAA,SAAS,4BAA4B;AAQrC,IAAI,YAAuB;AAAA,EACzB,OAAO,aAAa,QAAQ,cAAc;AAAA,EAC1C,MAAM;AACR;AAEA,MAAM,YAAY,oBAAI,IAAgB;AAEtC,SAAS,UAAU,UAAsB;AACvC,YAAU,IAAI,QAAQ;AACtB,SAAO,MAAM;AACX,cAAU,OAAO,QAAQ;AAAA,EAC3B;AACF;AAEA,SAAS,cAAyB;AAChC,SAAO;AACT;AAEA,SAAS,aAAa;AACpB,aAAW,YAAY,WAAW;AAChC,aAAS;AAAA,EACX;AACF;AAEO,gBAAS,QAAQ,OAAe,MAAY;AACjD,eAAa,QAAQ,gBAAgB,KAAK;AAC1C,cAAY,EAAE,OAAO,KAAK;AAC1B,aAAW;AACb;AAEO,gBAAS,YAAY;AAC1B,eAAa,WAAW,cAAc;AACtC,cAAY,EAAE,OAAO,MAAM,MAAM,KAAK;AACtC,aAAW;AACb;AAEO,gBAAS,eAAe;AAC7B,QAAM,QAAQ,qBAAqB,WAAW,WAAW;AACzD,SAAO;AAAA,IACL,OAAO,MAAM;AAAA,IACb,MAAM,MAAM;AAAA,IACZ,iBAAiB,CAAC,CAAC,MAAM;AAAA,IACzB;AAAA,IACA;AAAA,EACF;AACF;","names":[]},"_coverageSchema":"1a1c01bbd47fc00a2c39e90264f33305004495a9","hash":"53e171ba7f042c561f5198b5d6008cc984da9cac"},"/Users/huqianghui/Downloads/1.github/AI-avatar-vibe-coding/frontend/src/api/client.ts":{"path":"/Users/huqianghui/Downloads/1.github/AI-avatar-vibe-coding/frontend/src/api/client.ts","statementMap":{"0":{"start":{"line":3,"column":18},"end":{"line":9,"column":2}},"1":{"start":{"line":10,"column":0},"end":{"line":16,"column":3}},"2":{"start":{"line":11,"column":16},"end":{"line":11,"column":52}},"3":{"start":{"line":12,"column":2},"end":{"line":14,"column":3}},"4":{"start":{"line":13,"column":4},"end":{"line":13,"column":53}},"5":{"start":{"line":15,"column":2},"end":{"line":15,"column":16}},"6":{"start":{"line":17,"column":0},"end":{"line":25,"column":2}},"7":{"start":{"line":18,"column":16},"end":{"line":18,"column":24}},"8":{"start":{"line":20,"column":4},"end":{"line":22,"column":5}},"9":{"start":{"line":21,"column":6},"end":{"line":21,"column":18}},"10":{"start":{"line":23,"column":4},"end":{"line":23,"column":33}}},"fnMap":{"0":{"name":"(anonymous_0)","decl":{"start":{"line":10,"column":35},"end":{"line":10,"column":36}},"loc":{"start":{"line":10,"column":47},"end":{"line":16,"column":1}},"line":10},"1":{"name":"(anonymous_1)","decl":{"start":{"line":18,"column":2},"end":{"line":18,"column":3}},"loc":{"start":{"line":18,"column":16},"end":{"line":18,"column":24}},"line":18},"2":{"name":"(anonymous_2)","decl":{"start":{"line":19,"column":2},"end":{"line":19,"column":3}},"loc":{"start":{"line":19,"column":13},"end":{"line":24,"column":3}},"line":19}},"branchMap":{"0":{"loc":{"start":{"line":12,"column":2},"end":{"line":14,"column":3}},"type":"if","locations":[{"start":{"line":12,"column":2},"end":{"line":14,"column":3}},{"start":{},"end":{}}],"line":12},"1":{"loc":{"start":{"line":20,"column":4},"end":{"line":22,"column":5}},"type":"if","locations":[{"start":{"line":20,"column":4},"end":{"line":22,"column":5}},{"start":{},"end":{}}],"line":20}},"s":{"0":1,"1":1,"2":2,"3":2,"4":2,"5":2,"6":1,"7":2,"8":0,"9":0,"10":0},"f":{"0":2,"1":2,"2":0},"b":{"0":[2,0],"1":[0,0]},"inputSourceMap":{"version":3,"sources":["/Users/huqianghui/Downloads/1.github/AI-avatar-vibe-coding/frontend/src/api/client.ts"],"mappings":"AAAA,OAAO,WAAW;AAClB,SAAS,iBAAiB;AAE1B,MAAM,YAAY,MAAM,OAAO;AAAA,EAC7B,SAAS;AAAA,EACT,SAAS;AAAA,EACT,SAAS;AAAA,IACP,gBAAgB;AAAA,EAClB;AACF,CAAC;AAGD,UAAU,aAAa,QAAQ,IAAI,CAAC,WAAW;AAC7C,QAAM,QAAQ,aAAa,QAAQ,cAAc;AACjD,MAAI,OAAO;AACT,WAAO,QAAQ,gBAAgB,UAAU,KAAK;AAAA,EAChD;AACA,SAAO;AACT,CAAC;AAMD,UAAU,aAAa,SAAS;AAAA,EAC9B,CAAC,aAAa;AAAA,EACd,CAAC,UAAU;AACT,QAAI,MAAM,UAAU,WAAW,KAAK;AAClC,gBAAU;AAAA,IACZ;AACA,WAAO,QAAQ,OAAO,KAAK;AAAA,EAC7B;AACF;AAEA,eAAe;","names":[]},"_coverageSchema":"1a1c01bbd47fc00a2c39e90264f33305004495a9","hash":"cd81cdd2151f34aff7c9c7a4677d3dd0da84e920"},"/Users/huqianghui/Downloads/1.github/AI-avatar-vibe-coding/frontend/src/hooks/use-auth.ts":{"path":"/Users/huqianghui/Downloads/1.github/AI-avatar-vibe-coding/frontend/src/hooks/use-auth.ts","statementMap":{"0":{"start":{"line":7,"column":22},"end":{"line":7,"column":36}},"1":{"start":{"line":8,"column":2},"end":{"line":16,"column":5}},"2":{"start":{"line":10,"column":18},"end":{"line":10,"column":59}},"3":{"start":{"line":11,"column":6},"end":{"line":11,"column":66}},"4":{"start":{"line":12,"column":20},"end":{"line":12,"column":51}},"5":{"start":{"line":13,"column":6},"end":{"line":13,"column":49}},"6":{"start":{"line":14,"column":6},"end":{"line":14,"column":24}},"7":{"start":{"line":19,"column":40},"end":{"line":19,"column":54}},"8":{"start":{"line":20,"column":2},"end":{"line":34,"column":5}},"9":{"start":{"line":23,"column":6},"end":{"line":30,"column":7}},"10":{"start":{"line":24,"column":20},"end":{"line":24,"column":51}},"11":{"start":{"line":25,"column":8},"end":{"line":25,"column":44}},"12":{"start":{"line":25,"column":19},"end":{"line":25,"column":44}},"13":{"start":{"line":26,"column":8},"end":{"line":26,"column":24}},"14":{"start":{"line":28,"column":8},"end":{"line":28,"column":20}},"15":{"start":{"line":29,"column":8},"end":{"line":29,"column":48}},"16":{"start":{"line":37,"column":24},"end":{"line":37,"column":38}},"17":{"start":{"line":38,"column":19},"end":{"line":38,"column":32}},"18":{"start":{"line":39,"column":2},"end":{"line":42,"column":28}},"19":{"start":{"line":40,"column":4},"end":{"line":40,"column":16}},"20":{"start":{"line":41,"column":4},"end":{"line":41,"column":23}}},"fnMap":{"0":{"name":"useLogin","decl":{"start":{"line":6,"column":16},"end":{"line":6,"column":24}},"loc":{"start":{"line":6,"column":27},"end":{"line":17,"column":1}},"line":6},"1":{"name":"(anonymous_1)","decl":{"start":{"line":9,"column":16},"end":{"line":9,"column":17}},"loc":{"start":{"line":9,"column":32},"end":{"line":15,"column":5}},"line":9},"2":{"name":"useMe","decl":{"start":{"line":18,"column":16},"end":{"line":18,"column":21}},"loc":{"start":{"line":18,"column":24},"end":{"line":35,"column":1}},"line":18},"3":{"name":"(anonymous_3)","decl":{"start":{"line":22,"column":13},"end":{"line":22,"column":14}},"loc":{"start":{"line":22,"column":25},"end":{"line":31,"column":5}},"line":22},"4":{"name":"useLogout","decl":{"start":{"line":36,"column":16},"end":{"line":36,"column":25}},"loc":{"start":{"line":36,"column":28},"end":{"line":43,"column":1}},"line":36},"5":{"name":"(anonymous_5)","decl":{"start":{"line":39,"column":21},"end":{"line":39,"column":22}},"loc":{"start":{"line":39,"column":27},"end":{"line":42,"column":3}},"line":39}},"branchMap":{"0":{"loc":{"start":{"line":25,"column":8},"end":{"line":25,"column":44}},"type":"if","locations":[{"start":{"line":25,"column":8},"end":{"line":25,"column":44}},{"start":{},"end":{}}],"line":25}},"s":{"0":0,"1":0,"2":0,"3":0,"4":0,"5":0,"6":0,"7":6,"8":6,"9":1,"10":1,"11":1,"12":1,"13":1,"14":0,"15":0,"16":2,"17":2,"18":2,"19":0,"20":0},"f":{"0":0,"1":0,"2":6,"3":1,"4":2,"5":0},"b":{"0":[1,0]},"inputSourceMap":{"version":3,"sources":["/Users/huqianghui/Downloads/1.github/AI-avatar-vibe-coding/frontend/src/hooks/use-auth.ts"],"mappings":"AAAA,SAAS,aAAa,gBAAgB;AACtC,SAAS,mBAAmB;AAC5B,SAAS,mBAAmB;AAC5B,OAAO,eAAe;AACtB,SAAS,oBAAoB;AAGtB,gBAAS,WAAW;AACzB,QAAM,EAAE,QAAQ,IAAI,aAAa;AACjC,SAAO,YAAY;AAAA,IACjB,YAAY,OAAO,SAAuB;AACxC,YAAM,MAAM,MAAM,UAAU,KAAoB,eAAe,IAAI;AACnE,mBAAa,QAAQ,gBAAgB,IAAI,KAAK,YAAY;AAC1D,YAAM,QAAQ,MAAM,UAAU,IAAU,UAAU;AAClD,cAAQ,IAAI,KAAK,cAAc,MAAM,IAAI;AACzC,aAAO,MAAM;AAAA,IACf;AAAA,EACF,CAAC;AACH;AAEO,gBAAS,QAAQ;AACtB,QAAM,EAAE,OAAO,SAAS,UAAU,IAAI,aAAa;AACnD,SAAO,SAAS;AAAA,IACd,UAAU,CAAC,QAAQ,IAAI;AAAA,IACvB,SAAS,YAAY;AACnB,UAAI;AACF,cAAM,MAAM,MAAM,UAAU,IAAU,UAAU;AAChD,YAAI,MAAO,SAAQ,OAAO,IAAI,IAAI;AAClC,eAAO,IAAI;AAAA,MACb,QAAQ;AACN,kBAAU;AACV,cAAM,IAAI,MAAM,sBAAsB;AAAA,MACxC;AAAA,IACF;AAAA,IACA,SAAS,CAAC,CAAC;AAAA,IACX,OAAO;AAAA,EACT,CAAC;AACH;AAEO,gBAAS,YAAY;AAC1B,QAAM,EAAE,UAAU,IAAI,aAAa;AACnC,QAAM,WAAW,YAAY;AAC7B,SAAO,YAAY,MAAM;AACvB,cAAU;AACV,aAAS,QAAQ;AAAA,EACnB,GAAG,CAAC,WAAW,QAAQ,CAAC;AAC1B;","names":[]},"_coverageSchema":"1a1c01bbd47fc00a2c39e90264f33305004495a9","hash":"15727d5dbeb535818c591c912ccffdf1559c0262"},"/Users/huqianghui/Downloads/1.github/AI-avatar-vibe-coding/frontend/src/router/auth-guard.tsx":{"path":"/Users/huqianghui/Downloads/1.github/AI-avatar-vibe-coding/frontend/src/router/auth-guard.tsx","statementMap":{"0":{"start":{"line":3,"column":20},"end":{"line":3,"column":97}},"1":{"start":{"line":6,"column":0},"end":{"line":16,"column":1}},"2":{"start":{"line":7,"column":2},"end":{"line":11,"column":3}},"3":{"start":{"line":8,"column":4},"end":{"line":10,"column":6}},"4":{"start":{"line":12,"column":2},"end":{"line":12,"column":39}},"5":{"start":{"line":13,"column":2},"end":{"line":13,"column":39}},"6":{"start":{"line":14,"column":2},"end":{"line":14,"column":149}},"7":{"start":{"line":15,"column":2},"end":{"line":15,"column":75}},"8":{"start":{"line":17,"column":9},"end":{"line":17,"column":23}},"9":{"start":{"line":17,"column":31},"end":{"line":17,"column":45}},"10":{"start":{"line":17,"column":53},"end":{"line":17,"column":67}},"11":{"start":{"line":22,"column":2},"end":{"line":22,"column":7}},"12":{"start":{"line":23,"column":20},"end":{"line":23,"column":34}},"13":{"start":{"line":24,"column":24},"end":{"line":24,"column":31}},"14":{"start":{"line":25,"column":2},"end":{"line":29,"column":11}},"15":{"start":{"line":25,"column":14},"end":{"line":29,"column":11}},"16":{"start":{"line":30,"column":2},"end":{"line":35,"column":13}},"17":{"start":{"line":31,"column":4},"end":{"line":35,"column":13}},"18":{"start":{"line":36,"column":2},"end":{"line":40,"column":11}},"19":{"start":{"line":42,"column":0},"end":{"line":44,"column":3}},"20":{"start":{"line":43,"column":2},"end":{"line":43,"column":31}},"21":{"start":{"line":45,"column":0},"end":{"line":45,"column":20}},"22":{"start":{"line":47,"column":2},"end":{"line":47,"column":8}},"23":{"start":{"line":48,"column":19},"end":{"line":48,"column":33}},"24":{"start":{"line":49,"column":2},"end":{"line":53,"column":11}},"25":{"start":{"line":49,"column":30},"end":{"line":53,"column":11}},"26":{"start":{"line":54,"column":2},"end":{"line":58,"column":11}},"27":{"start":{"line":60,"column":0},"end":{"line":62,"column":3}},"28":{"start":{"line":61,"column":2},"end":{"line":61,"column":24}},"29":{"start":{"line":63,"column":0},"end":{"line":63,"column":17}},"30":{"start":{"line":65,"column":2},"end":{"line":65,"column":8}},"31":{"start":{"line":66,"column":26},"end":{"line":66,"column":40}},"32":{"start":{"line":67,"column":2},"end":{"line":74,"column":3}},"33":{"start":{"line":68,"column":19},"end":{"line":68,"column":82}},"34":{"start":{"line":69,"column":4},"end":{"line":73,"column":13}},"35":{"start":{"line":75,"column":2},"end":{"line":79,"column":11}},"36":{"start":{"line":81,"column":0},"end":{"line":83,"column":3}},"37":{"start":{"line":82,"column":2},"end":{"line":82,"column":24}},"38":{"start":{"line":84,"column":0},"end":{"line":84,"column":17}},"39":{"start":{"line":86,"column":0},"end":{"line":86,"column":35}},"40":{"start":{"line":87,"column":0},"end":{"line":87,"column":32}},"41":{"start":{"line":88,"column":0},"end":{"line":88,"column":32}},"42":{"start":{"line":89,"column":0},"end":{"line":92,"column":1}},"43":{"start":{"line":90,"column":2},"end":{"line":90,"column":39}},"44":{"start":{"line":91,"column":2},"end":{"line":91,"column":39}},"45":{"start":{"line":93,"column":0},"end":{"line":102,"column":1}},"46":{"start":{"line":94,"column":2},"end":{"line":101,"column":5}},"47":{"start":{"line":95,"column":4},"end":{"line":95,"column":162}},"48":{"start":{"line":96,"column":4},"end":{"line":100,"column":7}},"49":{"start":{"line":97,"column":6},"end":{"line":97,"column":31}},"50":{"start":{"line":97,"column":24},"end":{"line":97,"column":31}},"51":{"start":{"line":98,"column":32},"end":{"line":98,"column":211}},"52":{"start":{"line":99,"column":6},"end":{"line":99,"column":75}},"53":{"start":{"line":99,"column":29},"end":{"line":99,"column":75}}},"fnMap":{"0":{"name":"ProtectedRoute","decl":{"start":{"line":21,"column":16},"end":{"line":21,"column":30}},"loc":{"start":{"line":21,"column":33},"end":{"line":41,"column":1}},"line":21},"1":{"name":"(anonymous_1)","decl":{"start":{"line":42,"column":58},"end":{"line":42,"column":59}},"loc":{"start":{"line":42,"column":69},"end":{"line":44,"column":1}},"line":42},"2":{"name":"AdminRoute","decl":{"start":{"line":46,"column":16},"end":{"line":46,"column":26}},"loc":{"start":{"line":46,"column":29},"end":{"line":59,"column":1}},"line":46},"3":{"name":"(anonymous_3)","decl":{"start":{"line":60,"column":55},"end":{"line":60,"column":56}},"loc":{"start":{"line":60,"column":66},"end":{"line":62,"column":1}},"line":60},"4":{"name":"GuestRoute","decl":{"start":{"line":64,"column":16},"end":{"line":64,"column":26}},"loc":{"start":{"line":64,"column":29},"end":{"line":80,"column":1}},"line":64},"5":{"name":"(anonymous_5)","decl":{"start":{"line":81,"column":55},"end":{"line":81,"column":56}},"loc":{"start":{"line":81,"column":66},"end":{"line":83,"column":1}},"line":81},"6":{"name":"(anonymous_6)","decl":{"start":{"line":94,"column":52},"end":{"line":94,"column":53}},"loc":{"start":{"line":94,"column":72},"end":{"line":101,"column":3}},"line":94},"7":{"name":"(anonymous_7)","decl":{"start":{"line":96,"column":27},"end":{"line":96,"column":28}},"loc":{"start":{"line":96,"column":44},"end":{"line":100,"column":5}},"line":96}},"branchMap":{"0":{"loc":{"start":{"line":3,"column":20},"end":{"line":3,"column":97}},"type":"binary-expr","locations":[{"start":{"line":3,"column":20},"end":{"line":3,"column":60}},{"start":{"line":3,"column":64},"end":{"line":3,"column":97}}],"line":3},"1":{"loc":{"start":{"line":6,"column":0},"end":{"line":16,"column":1}},"type":"if","locations":[{"start":{"line":6,"column":0},"end":{"line":16,"column":1}},{"start":{},"end":{}}],"line":6},"2":{"loc":{"start":{"line":6,"column":4},"end":{"line":6,"column":35}},"type":"binary-expr","locations":[{"start":{"line":6,"column":4},"end":{"line":6,"column":19}},{"start":{"line":6,"column":23},"end":{"line":6,"column":35}}],"line":6},"3":{"loc":{"start":{"line":7,"column":2},"end":{"line":11,"column":3}},"type":"if","locations":[{"start":{"line":7,"column":2},"end":{"line":11,"column":3}},{"start":{},"end":{}}],"line":7},"4":{"loc":{"start":{"line":25,"column":2},"end":{"line":29,"column":11}},"type":"if","locations":[{"start":{"line":25,"column":2},"end":{"line":29,"column":11}},{"start":{},"end":{}}],"line":25},"5":{"loc":{"start":{"line":30,"column":2},"end":{"line":35,"column":13}},"type":"if","locations":[{"start":{"line":30,"column":2},"end":{"line":35,"column":13}},{"start":{},"end":{}}],"line":30},"6":{"loc":{"start":{"line":49,"column":2},"end":{"line":53,"column":11}},"type":"if","locations":[{"start":{"line":49,"column":2},"end":{"line":53,"column":11}},{"start":{},"end":{}}],"line":49},"7":{"loc":{"start":{"line":67,"column":2},"end":{"line":74,"column":3}},"type":"if","locations":[{"start":{"line":67,"column":2},"end":{"line":74,"column":3}},{"start":{},"end":{}}],"line":67},"8":{"loc":{"start":{"line":68,"column":19},"end":{"line":68,"column":82}},"type":"cond-expr","locations":[{"start":{"line":68,"column":44},"end":{"line":68,"column":62}},{"start":{"line":68,"column":65},"end":{"line":68,"column":82}}],"line":68},"9":{"loc":{"start":{"line":89,"column":0},"end":{"line":92,"column":1}},"type":"if","locations":[{"start":{"line":89,"column":0},"end":{"line":92,"column":1}},{"start":{},"end":{}}],"line":89},"10":{"loc":{"start":{"line":89,"column":4},"end":{"line":89,"column":35}},"type":"binary-expr","locations":[{"start":{"line":89,"column":4},"end":{"line":89,"column":19}},{"start":{"line":89,"column":23},"end":{"line":89,"column":35}}],"line":89},"11":{"loc":{"start":{"line":93,"column":0},"end":{"line":102,"column":1}},"type":"if","locations":[{"start":{"line":93,"column":0},"end":{"line":102,"column":1}},{"start":{},"end":{}}],"line":93},"12":{"loc":{"start":{"line":93,"column":4},"end":{"line":93,"column":35}},"type":"binary-expr","locations":[{"start":{"line":93,"column":4},"end":{"line":93,"column":19}},{"start":{"line":93,"column":23},"end":{"line":93,"column":35}}],"line":93},"13":{"loc":{"start":{"line":97,"column":6},"end":{"line":97,"column":31}},"type":"if","locations":[{"start":{"line":97,"column":6},"end":{"line":97,"column":31}},{"start":{},"end":{}}],"line":97},"14":{"loc":{"start":{"line":99,"column":6},"end":{"line":99,"column":75}},"type":"if","locations":[{"start":{"line":99,"column":6},"end":{"line":99,"column":75}},{"start":{},"end":{}}],"line":99}},"s":{"0":1,"1":1,"2":1,"3":0,"4":1,"5":1,"6":1,"7":1,"8":1,"9":1,"10":1,"11":7,"12":7,"13":6,"14":6,"15":0,"16":6,"17":4,"18":2,"19":1,"20":1,"21":1,"22":0,"23":0,"24":0,"25":0,"26":0,"27":1,"28":0,"29":1,"30":0,"31":0,"32":0,"33":0,"34":0,"35":0,"36":1,"37":0,"38":1,"39":1,"40":1,"41":1,"42":1,"43":1,"44":1,"45":1,"46":1,"47":1,"48":1,"49":0,"50":0,"51":0,"52":0,"53":0},"f":{"0":7,"1":1,"2":0,"3":0,"4":0,"5":0,"6":1,"7":0},"b":{"0":[1,0],"1":[1,0],"2":[1,1],"3":[0,1],"4":[0,6],"5":[4,2],"6":[0,0],"7":[0,0],"8":[0,0],"9":[1,0],"10":[1,1],"11":[1,0],"12":[1,1],"13":[0,0],"14":[0,0]},"inputSourceMap":{"version":3,"mappings":"AAQqB;;;;;;;;;;;;;;;;;AARrB,SAASA,UAAUC,cAAc;AACjC,SAASC,oBAAoB;AAC7B,SAASC,aAAa;AAEf,gBAASC,iBAAiB;AAAAC,KAAA;AAC/B,QAAM,EAAEC,MAAM,IAAIJ,aAAa;AAC/B,QAAM,EAAEK,UAAU,IAAIJ,MAAM;AAE5B,MAAI,CAACG,MAAO,QAAO,uBAAC,YAAS,IAAG,UAAS,SAAO,QAA7B;AAAA;AAAA;AAAA;AAAA,SAA6B;AAChD,MAAIC;AACF,WACE,uBAAC,SAAI,WAAU,6CAA2C,0BAA1D;AAAA;AAAA;AAAA;AAAA,WAEA;AAEJ,SAAO,uBAAC,YAAD;AAAA;AAAA;AAAA;AAAA,SAAO;AAChB;AAACF,GAZeD,gBAAc;AAAA,UACVF,cACIC,KAAK;AAAA;AAAA,KAFbC;AAcT,gBAASI,aAAa;AAAAC,MAAA;AAC3B,QAAM,EAAEC,KAAK,IAAIR,aAAa;AAC9B,MAAIQ,MAAMC,SAAS,QAAS,QAAO,uBAAC,YAAS,IAAG,mBAAkB,SAAO,QAAtC;AAAA;AAAA;AAAA;AAAA,SAAsC;AACzE,SAAO,uBAAC,YAAD;AAAA;AAAA;AAAA;AAAA,SAAO;AAChB;AAACF,IAJeD,YAAU;AAAA,UACPN,YAAY;AAAA;AAAA,MADfM;AAMT,gBAASI,aAAa;AAAAC,MAAA;AAC3B,QAAM,EAAEP,OAAOI,KAAK,IAAIR,aAAa;AACrC,MAAII,OAAO;AACT,UAAMQ,SACJJ,MAAMC,SAAS,UAAU,qBAAqB;AAChD,WAAO,uBAAC,YAAS,IAAIG,QAAQ,SAAO,QAA7B;AAAA;AAAA;AAAA;AAAA,WAA6B;AAAA,EACtC;AACA,SAAO,uBAAC,YAAD;AAAA;AAAA;AAAA;AAAA,SAAO;AAChB;AAACD,IAReD,YAAU;AAAA,UACAV,YAAY;AAAA;AAAA,MADtBU;AAAU,IAAAG,IAAAC,KAAAC;AAAA,aAAAF,IAAA;AAAA,aAAAC,KAAA;AAAA,aAAAC,KAAA","names":["Navigate","Outlet","useAuthStore","useMe","ProtectedRoute","_s","token","isLoading","AdminRoute","_s2","user","role","GuestRoute","_s3","target","_c","_c2","_c3"],"ignoreList":[],"sources":["/Users/huqianghui/Downloads/1.github/AI-avatar-vibe-coding/frontend/src/router/auth-guard.tsx"],"file":"/Users/huqianghui/Downloads/1.github/AI-avatar-vibe-coding/frontend/src/router/auth-guard.tsx"},"_coverageSchema":"1a1c01bbd47fc00a2c39e90264f33305004495a9","hash":"8b91b2e86d09c8bfcbd2e9a8e5e7bf0d2f8c341d"},"/Users/huqianghui/Downloads/1.github/AI-avatar-vibe-coding/frontend/src/lib/utils.ts":{"path":"/Users/huqianghui/Downloads/1.github/AI-avatar-vibe-coding/frontend/src/lib/utils.ts","statementMap":{"0":{"start":{"line":4,"column":2},"end":{"line":4,"column":31}}},"fnMap":{"0":{"name":"cn","decl":{"start":{"line":3,"column":16},"end":{"line":3,"column":18}},"loc":{"start":{"line":3,"column":30},"end":{"line":5,"column":1}},"line":3}},"branchMap":{},"s":{"0":140},"f":{"0":140},"b":{},"inputSourceMap":{"version":3,"sources":["/Users/huqianghui/Downloads/1.github/AI-avatar-vibe-coding/frontend/src/lib/utils.ts"],"mappings":"AAAA,SAAS,YAA6B;AACtC,SAAS,eAAe;AAEjB,gBAAS,MAAM,QAAsB;AAC1C,SAAO,QAAQ,KAAK,MAAM,CAAC;AAC7B;","names":[]},"_coverageSchema":"1a1c01bbd47fc00a2c39e90264f33305004495a9","hash":"49536050b529962d60140024cc5fc61c09a4d3f2"},"/Users/huqianghui/Downloads/1.github/AI-avatar-vibe-coding/frontend/src/components/ui/button.tsx":{"path":"/Users/huqianghui/Downloads/1.github/AI-avatar-vibe-coding/frontend/src/components/ui/button.tsx","statementMap":{"0":{"start":{"line":3,"column":20},"end":{"line":3,"column":97}},"1":{"start":{"line":6,"column":0},"end":{"line":16,"column":1}},"2":{"start":{"line":7,"column":2},"end":{"line":11,"column":3}},"3":{"start":{"line":8,"column":4},"end":{"line":10,"column":6}},"4":{"start":{"line":12,"column":2},"end":{"line":12,"column":39}},"5":{"start":{"line":13,"column":2},"end":{"line":13,"column":39}},"6":{"start":{"line":14,"column":2},"end":{"line":14,"column":152}},"7":{"start":{"line":15,"column":2},"end":{"line":15,"column":75}},"8":{"start":{"line":20,"column":23},"end":{"line":44,"column":1}},"9":{"start":{"line":52,"column":15},"end":{"line":52,"column":40}},"10":{"start":{"line":53,"column":2},"end":{"line":68,"column":4}},"11":{"start":{"line":70,"column":0},"end":{"line":70,"column":12}},"12":{"start":{"line":73,"column":0},"end":{"line":73,"column":27}},"13":{"start":{"line":74,"column":0},"end":{"line":77,"column":1}},"14":{"start":{"line":75,"column":2},"end":{"line":75,"column":39}},"15":{"start":{"line":76,"column":2},"end":{"line":76,"column":39}},"16":{"start":{"line":78,"column":0},"end":{"line":87,"column":1}},"17":{"start":{"line":79,"column":2},"end":{"line":86,"column":5}},"18":{"start":{"line":80,"column":4},"end":{"line":80,"column":165}},"19":{"start":{"line":81,"column":4},"end":{"line":85,"column":7}},"20":{"start":{"line":82,"column":6},"end":{"line":82,"column":31}},"21":{"start":{"line":82,"column":24},"end":{"line":82,"column":31}},"22":{"start":{"line":83,"column":32},"end":{"line":83,"column":214}},"23":{"start":{"line":84,"column":6},"end":{"line":84,"column":75}},"24":{"start":{"line":84,"column":29},"end":{"line":84,"column":75}}},"fnMap":{"0":{"name":"Button","decl":{"start":{"line":45,"column":9},"end":{"line":45,"column":15}},"loc":{"start":{"line":51,"column":3},"end":{"line":69,"column":1}},"line":51},"1":{"name":"(anonymous_1)","decl":{"start":{"line":79,"column":52},"end":{"line":79,"column":53}},"loc":{"start":{"line":79,"column":72},"end":{"line":86,"column":3}},"line":79},"2":{"name":"(anonymous_2)","decl":{"start":{"line":81,"column":27},"end":{"line":81,"column":28}},"loc":{"start":{"line":81,"column":44},"end":{"line":85,"column":5}},"line":81}},"branchMap":{"0":{"loc":{"start":{"line":3,"column":20},"end":{"line":3,"column":97}},"type":"binary-expr","locations":[{"start":{"line":3,"column":20},"end":{"line":3,"column":60}},{"start":{"line":3,"column":64},"end":{"line":3,"column":97}}],"line":3},"1":{"loc":{"start":{"line":6,"column":0},"end":{"line":16,"column":1}},"type":"if","locations":[{"start":{"line":6,"column":0},"end":{"line":16,"column":1}},{"start":{},"end":{}}],"line":6},"2":{"loc":{"start":{"line":6,"column":4},"end":{"line":6,"column":35}},"type":"binary-expr","locations":[{"start":{"line":6,"column":4},"end":{"line":6,"column":19}},{"start":{"line":6,"column":23},"end":{"line":6,"column":35}}],"line":6},"3":{"loc":{"start":{"line":7,"column":2},"end":{"line":11,"column":3}},"type":"if","locations":[{"start":{"line":7,"column":2},"end":{"line":11,"column":3}},{"start":{},"end":{}}],"line":7},"4":{"loc":{"start":{"line":49,"column":2},"end":{"line":49,"column":17}},"type":"default-arg","locations":[{"start":{"line":49,"column":12},"end":{"line":49,"column":17}}],"line":49},"5":{"loc":{"start":{"line":52,"column":15},"end":{"line":52,"column":40}},"type":"cond-expr","locations":[{"start":{"line":52,"column":25},"end":{"line":52,"column":29}},{"start":{"line":52,"column":32},"end":{"line":52,"column":40}}],"line":52},"6":{"loc":{"start":{"line":74,"column":0},"end":{"line":77,"column":1}},"type":"if","locations":[{"start":{"line":74,"column":0},"end":{"line":77,"column":1}},{"start":{},"end":{}}],"line":74},"7":{"loc":{"start":{"line":74,"column":4},"end":{"line":74,"column":35}},"type":"binary-expr","locations":[{"start":{"line":74,"column":4},"end":{"line":74,"column":19}},{"start":{"line":74,"column":23},"end":{"line":74,"column":35}}],"line":74},"8":{"loc":{"start":{"line":78,"column":0},"end":{"line":87,"column":1}},"type":"if","locations":[{"start":{"line":78,"column":0},"end":{"line":87,"column":1}},{"start":{},"end":{}}],"line":78},"9":{"loc":{"start":{"line":78,"column":4},"end":{"line":78,"column":35}},"type":"binary-expr","locations":[{"start":{"line":78,"column":4},"end":{"line":78,"column":19}},{"start":{"line":78,"column":23},"end":{"line":78,"column":35}}],"line":78},"10":{"loc":{"start":{"line":82,"column":6},"end":{"line":82,"column":31}},"type":"if","locations":[{"start":{"line":82,"column":6},"end":{"line":82,"column":31}},{"start":{},"end":{}}],"line":82},"11":{"loc":{"start":{"line":84,"column":6},"end":{"line":84,"column":75}},"type":"if","locations":[{"start":{"line":84,"column":6},"end":{"line":84,"column":75}},{"start":{},"end":{}}],"line":84}},"s":{"0":1,"1":1,"2":1,"3":0,"4":1,"5":1,"6":1,"7":1,"8":1,"9":16,"10":16,"11":1,"12":1,"13":1,"14":1,"15":1,"16":1,"17":1,"18":1,"19":1,"20":0,"21":0,"22":0,"23":0,"24":0},"f":{"0":16,"1":1,"2":0},"b":{"0":[1,0],"1":[1,0],"2":[1,1],"3":[0,1],"4":[16],"5":[0,16],"6":[1,0],"7":[1,1],"8":[1,0],"9":[1,1],"10":[0,0],"11":[0,0]},"inputSourceMap":{"version":3,"mappings":"AAiDI;;;;;;;;;;;;;;;;AAhDJ,SAASA,YAAY;AACrB,SAASC,WAA8B;AAEvC,SAASC,UAAU;AAEnB,MAAMC,iBAAiBF;AAAAA,EACrB;AAAA,EACA;AAAA,IACEG,UAAU;AAAA,MACRC,SAAS;AAAA,QACPC,SAAS;AAAA,QACTC,aACE;AAAA,QACFC,SACE;AAAA,QACFC,WACE;AAAA,QACFC,OACE;AAAA,QACFC,MAAM;AAAA,MACR;AAAA,MACAC,MAAM;AAAA,QACJN,SAAS;AAAA,QACTO,IAAI;AAAA,QACJC,IAAI;AAAA,QACJC,MAAM;AAAA,MACR;AAAA,IACF;AAAA,IACAC,iBAAiB;AAAA,MACfX,SAAS;AAAA,MACTO,MAAM;AAAA,IACR;AAAA,EACF;AACF;AAEA,SAASK,OAAO;AAAA,EACdC;AAAAA,EACAb;AAAAA,EACAO;AAAAA,EACAO,UAAU;AAAA,EACV,GAAGC;AAIH,GAAG;AACH,QAAMC,OAAOF,UAAUnB,OAAO;AAE9B,SACE;AAAA,IAAC;AAAA;AAAA,MACC,aAAU;AAAA,MACV,WAAWE,GAAGC,eAAe,EAAEE,SAASO,MAAMM,UAAU,CAAC,CAAC;AAAA,MAC1D,GAAIE;AAAAA;AAAAA,IAHN;AAAA;AAAA;AAAA;AAAA;AAAA;AAAA;AAAA;AAAA,EAGY;AAGhB;AAACE,KAnBQL;AAqBT,SAASA,QAAQd;AAAiB,IAAAmB;AAAA,aAAAA,IAAA","names":["Slot","cva","cn","buttonVariants","variants","variant","default","destructive","outline","secondary","ghost","link","size","sm","lg","icon","defaultVariants","Button","className","asChild","props","Comp","_c"],"ignoreList":[],"sources":["/Users/huqianghui/Downloads/1.github/AI-avatar-vibe-coding/frontend/src/components/ui/button.tsx"],"file":"/Users/huqianghui/Downloads/1.github/AI-avatar-vibe-coding/frontend/src/components/ui/button.tsx"},"_coverageSchema":"1a1c01bbd47fc00a2c39e90264f33305004495a9","hash":"be19d1dd10383949a0d8ecfe684d5c527bdd29bd"},"/Users/huqianghui/Downloads/1.github/AI-avatar-vibe-coding/frontend/src/components/ui/card.tsx":{"path":"/Users/huqianghui/Downloads/1.github/AI-avatar-vibe-coding/frontend/src/components/ui/card.tsx","statementMap":{"0":{"start":{"line":3,"column":20},"end":{"line":3,"column":97}},"1":{"start":{"line":6,"column":0},"end":{"line":16,"column":1}},"2":{"start":{"line":7,"column":2},"end":{"line":11,"column":3}},"3":{"start":{"line":8,"column":4},"end":{"line":10,"column":6}},"4":{"start":{"line":12,"column":2},"end":{"line":12,"column":39}},"5":{"start":{"line":13,"column":2},"end":{"line":13,"column":39}},"6":{"start":{"line":14,"column":2},"end":{"line":14,"column":150}},"7":{"start":{"line":15,"column":2},"end":{"line":15,"column":75}},"8":{"start":{"line":19,"column":2},"end":{"line":37,"column":4}},"9":{"start":{"line":39,"column":0},"end":{"line":39,"column":10}},"10":{"start":{"line":41,"column":2},"end":{"line":59,"column":4}},"11":{"start":{"line":61,"column":0},"end":{"line":61,"column":17}},"12":{"start":{"line":63,"column":2},"end":{"line":78,"column":4}},"13":{"start":{"line":80,"column":0},"end":{"line":80,"column":16}},"14":{"start":{"line":82,"column":2},"end":{"line":97,"column":4}},"15":{"start":{"line":99,"column":0},"end":{"line":99,"column":22}},"16":{"start":{"line":101,"column":2},"end":{"line":119,"column":4}},"17":{"start":{"line":121,"column":0},"end":{"line":121,"column":17}},"18":{"start":{"line":123,"column":2},"end":{"line":138,"column":4}},"19":{"start":{"line":140,"column":0},"end":{"line":140,"column":18}},"20":{"start":{"line":142,"column":2},"end":{"line":157,"column":4}},"21":{"start":{"line":159,"column":0},"end":{"line":159,"column":17}},"22":{"start":{"line":170,"column":0},"end":{"line":170,"column":25}},"23":{"start":{"line":171,"column":0},"end":{"line":171,"column":32}},"24":{"start":{"line":172,"column":0},"end":{"line":172,"column":31}},"25":{"start":{"line":173,"column":0},"end":{"line":173,"column":37}},"26":{"start":{"line":174,"column":0},"end":{"line":174,"column":32}},"27":{"start":{"line":175,"column":0},"end":{"line":175,"column":33}},"28":{"start":{"line":176,"column":0},"end":{"line":176,"column":32}},"29":{"start":{"line":177,"column":0},"end":{"line":180,"column":1}},"30":{"start":{"line":178,"column":2},"end":{"line":178,"column":39}},"31":{"start":{"line":179,"column":2},"end":{"line":179,"column":39}},"32":{"start":{"line":181,"column":0},"end":{"line":190,"column":1}},"33":{"start":{"line":182,"column":2},"end":{"line":189,"column":5}},"34":{"start":{"line":183,"column":4},"end":{"line":183,"column":163}},"35":{"start":{"line":184,"column":4},"end":{"line":188,"column":7}},"36":{"start":{"line":185,"column":6},"end":{"line":185,"column":31}},"37":{"start":{"line":185,"column":24},"end":{"line":185,"column":31}},"38":{"start":{"line":186,"column":32},"end":{"line":186,"column":212}},"39":{"start":{"line":187,"column":6},"end":{"line":187,"column":75}},"40":{"start":{"line":187,"column":29},"end":{"line":187,"column":75}}},"fnMap":{"0":{"name":"Card","decl":{"start":{"line":18,"column":9},"end":{"line":18,"column":13}},"loc":{"start":{"line":18,"column":39},"end":{"line":38,"column":1}},"line":18},"1":{"name":"CardHeader","decl":{"start":{"line":40,"column":9},"end":{"line":40,"column":19}},"loc":{"start":{"line":40,"column":45},"end":{"line":60,"column":1}},"line":40},"2":{"name":"CardTitle","decl":{"start":{"line":62,"column":9},"end":{"line":62,"column":18}},"loc":{"start":{"line":62,"column":44},"end":{"line":79,"column":1}},"line":62},"3":{"name":"CardDescription","decl":{"start":{"line":81,"column":9},"end":{"line":81,"column":24}},"loc":{"start":{"line":81,"column":50},"end":{"line":98,"column":1}},"line":81},"4":{"name":"CardAction","decl":{"start":{"line":100,"column":9},"end":{"line":100,"column":19}},"loc":{"start":{"line":100,"column":45},"end":{"line":120,"column":1}},"line":100},"5":{"name":"CardContent","decl":{"start":{"line":122,"column":9},"end":{"line":122,"column":20}},"loc":{"start":{"line":122,"column":46},"end":{"line":139,"column":1}},"line":122},"6":{"name":"CardFooter","decl":{"start":{"line":141,"column":9},"end":{"line":141,"column":19}},"loc":{"start":{"line":141,"column":45},"end":{"line":158,"column":1}},"line":141},"7":{"name":"(anonymous_7)","decl":{"start":{"line":182,"column":52},"end":{"line":182,"column":53}},"loc":{"start":{"line":182,"column":72},"end":{"line":189,"column":3}},"line":182},"8":{"name":"(anonymous_8)","decl":{"start":{"line":184,"column":27},"end":{"line":184,"column":28}},"loc":{"start":{"line":184,"column":44},"end":{"line":188,"column":5}},"line":184}},"branchMap":{"0":{"loc":{"start":{"line":3,"column":20},"end":{"line":3,"column":97}},"type":"binary-expr","locations":[{"start":{"line":3,"column":20},"end":{"line":3,"column":60}},{"start":{"line":3,"column":64},"end":{"line":3,"column":97}}],"line":3},"1":{"loc":{"start":{"line":6,"column":0},"end":{"line":16,"column":1}},"type":"if","locations":[{"start":{"line":6,"column":0},"end":{"line":16,"column":1}},{"start":{},"end":{}}],"line":6},"2":{"loc":{"start":{"line":6,"column":4},"end":{"line":6,"column":35}},"type":"binary-expr","locations":[{"start":{"line":6,"column":4},"end":{"line":6,"column":19}},{"start":{"line":6,"column":23},"end":{"line":6,"column":35}}],"line":6},"3":{"loc":{"start":{"line":7,"column":2},"end":{"line":11,"column":3}},"type":"if","locations":[{"start":{"line":7,"column":2},"end":{"line":11,"column":3}},{"start":{},"end":{}}],"line":7},"4":{"loc":{"start":{"line":177,"column":0},"end":{"line":180,"column":1}},"type":"if","locations":[{"start":{"line":177,"column":0},"end":{"line":180,"column":1}},{"start":{},"end":{}}],"line":177},"5":{"loc":{"start":{"line":177,"column":4},"end":{"line":177,"column":35}},"type":"binary-expr","locations":[{"start":{"line":177,"column":4},"end":{"line":177,"column":19}},{"start":{"line":177,"column":23},"end":{"line":177,"column":35}}],"line":177},"6":{"loc":{"start":{"line":181,"column":0},"end":{"line":190,"column":1}},"type":"if","locations":[{"start":{"line":181,"column":0},"end":{"line":190,"column":1}},{"start":{},"end":{}}],"line":181},"7":{"loc":{"start":{"line":181,"column":4},"end":{"line":181,"column":35}},"type":"binary-expr","locations":[{"start":{"line":181,"column":4},"end":{"line":181,"column":19}},{"start":{"line":181,"column":23},"end":{"line":181,"column":35}}],"line":181},"8":{"loc":{"start":{"line":185,"column":6},"end":{"line":185,"column":31}},"type":"if","locations":[{"start":{"line":185,"column":6},"end":{"line":185,"column":31}},{"start":{},"end":{}}],"line":185},"9":{"loc":{"start":{"line":187,"column":6},"end":{"line":187,"column":75}},"type":"if","locations":[{"start":{"line":187,"column":6},"end":{"line":187,"column":75}},{"start":{},"end":{}}],"line":187}},"s":{"0":1,"1":1,"2":1,"3":0,"4":1,"5":1,"6":1,"7":1,"8":12,"9":1,"10":4,"11":1,"12":4,"13":1,"14":0,"15":1,"16":0,"17":1,"18":12,"19":1,"20":0,"21":1,"22":1,"23":1,"24":1,"25":1,"26":1,"27":1,"28":1,"29":1,"30":1,"31":1,"32":1,"33":1,"34":1,"35":1,"36":0,"37":0,"38":0,"39":0,"40":0},"f":{"0":12,"1":4,"2":4,"3":0,"4":0,"5":12,"6":0,"7":1,"8":0},"b":{"0":[1,0],"1":[1,0],"2":[1,1],"3":[0,1],"4":[1,0],"5":[1,1],"6":[1,0],"7":[1,1],"8":[0,0],"9":[0,0]},"inputSourceMap":{"version":3,"mappings":"AAMI;;;;;;;;;;;;;;;;AAJJ,SAASA,UAAU;AAEnB,SAASC,KAAK,EAAEC,WAAW,GAAGC,MAAmC,GAAG;AAClE,SACE;AAAA,IAAC;AAAA;AAAA,MACC,aAAU;AAAA,MACV,WAAWH;AAAAA,QACT;AAAA,QACAE;AAAAA,MACF;AAAA,MACA,GAAIC;AAAAA;AAAAA,IANN;AAAA;AAAA;AAAA;AAAA;AAAA;AAAA;AAAA;AAAA,EAMY;AAGhB;AAACC,KAXQH;AAaT,SAASI,WAAW,EAAEH,WAAW,GAAGC,MAAmC,GAAG;AACxE,SACE;AAAA,IAAC;AAAA;AAAA,MACC,aAAU;AAAA,MACV,WAAWH;AAAAA,QACT;AAAA,QACAE;AAAAA,MACF;AAAA,MACA,GAAIC;AAAAA;AAAAA,IANN;AAAA;AAAA;AAAA;AAAA;AAAA;AAAA;AAAA;AAAA,EAMY;AAGhB;AAACG,MAXQD;AAaT,SAASE,UAAU,EAAEL,WAAW,GAAGC,MAAmC,GAAG;AACvE,SACE;AAAA,IAAC;AAAA;AAAA,MACC,aAAU;AAAA,MACV,WAAWH,GAAG,gBAAgBE,SAAS;AAAA,MACvC,GAAIC;AAAAA;AAAAA,IAHN;AAAA;AAAA;AAAA;AAAA;AAAA;AAAA;AAAA;AAAA,EAGY;AAGhB;AAACK,MARQD;AAUT,SAASE,gBAAgB,EAAEP,WAAW,GAAGC,MAAmC,GAAG;AAC7E,SACE;AAAA,IAAC;AAAA;AAAA,MACC,aAAU;AAAA,MACV,WAAWH,GAAG,yBAAyBE,SAAS;AAAA,MAChD,GAAIC;AAAAA;AAAAA,IAHN;AAAA;AAAA;AAAA;AAAA;AAAA;AAAA;AAAA;AAAA,EAGY;AAGhB;AAACO,MARQD;AAUT,SAASE,WAAW,EAAET,WAAW,GAAGC,MAAmC,GAAG;AACxE,SACE;AAAA,IAAC;AAAA;AAAA,MACC,aAAU;AAAA,MACV,WAAWH;AAAAA,QACT;AAAA,QACAE;AAAAA,MACF;AAAA,MACA,GAAIC;AAAAA;AAAAA,IANN;AAAA;AAAA;AAAA;AAAA;AAAA;AAAA;AAAA;AAAA,EAMY;AAGhB;AAACS,MAXQD;AAaT,SAASE,YAAY,EAAEX,WAAW,GAAGC,MAAmC,GAAG;AACzE,SACE;AAAA,IAAC;AAAA;AAAA,MACC,aAAU;AAAA,MACV,WAAWH,GAAG,4BAA4BE,SAAS;AAAA,MACnD,GAAIC;AAAAA;AAAAA,IAHN;AAAA;AAAA;AAAA;AAAA;AAAA;AAAA;AAAA;AAAA,EAGY;AAGhB;AAACW,MARQD;AAUT,SAASE,WAAW,EAAEb,WAAW,GAAGC,MAAmC,GAAG;AACxE,SACE;AAAA,IAAC;AAAA;AAAA,MACC,aAAU;AAAA,MACV,WAAWH,GAAG,gDAAgDE,SAAS;AAAA,MACvE,GAAIC;AAAAA;AAAAA,IAHN;AAAA;AAAA;AAAA;AAAA;AAAA;AAAA;AAAA;AAAA,EAGY;AAGhB;AAACa,MARQD;AAUT;AAAA,EACEd;AAAAA,EACAI;AAAAA,EACAU;AAAAA,EACAR;AAAAA,EACAI;AAAAA,EACAF;AAAAA,EACAI;AAAAA;AACA,IAAAT,IAAAE,KAAAE,KAAAE,KAAAE,KAAAE,KAAAE;AAAA,aAAAZ,IAAA;AAAA,aAAAE,KAAA;AAAA,aAAAE,KAAA;AAAA,aAAAE,KAAA;AAAA,aAAAE,KAAA;AAAA,aAAAE,KAAA;AAAA,aAAAE,KAAA","names":["cn","Card","className","props","_c","CardHeader","_c2","CardTitle","_c3","CardDescription","_c4","CardAction","_c5","CardContent","_c6","CardFooter","_c7"],"ignoreList":[],"sources":["/Users/huqianghui/Downloads/1.github/AI-avatar-vibe-coding/frontend/src/components/ui/card.tsx"],"file":"/Users/huqianghui/Downloads/1.github/AI-avatar-vibe-coding/frontend/src/components/ui/card.tsx"},"_coverageSchema":"1a1c01bbd47fc00a2c39e90264f33305004495a9","hash":"2f45436e6dac5ab00ad9447f669bbb2cdafad2d2"},"/Users/huqianghui/Downloads/1.github/AI-avatar-vibe-coding/frontend/src/components/ui/input.tsx":{"path":"/Users/huqianghui/Downloads/1.github/AI-avatar-vibe-coding/frontend/src/components/ui/input.tsx","statementMap":{"0":{"start":{"line":3,"column":20},"end":{"line":3,"column":97}},"1":{"start":{"line":6,"column":0},"end":{"line":16,"column":1}},"2":{"start":{"line":7,"column":2},"end":{"line":11,"column":3}},"3":{"start":{"line":8,"column":4},"end":{"line":10,"column":6}},"4":{"start":{"line":12,"column":2},"end":{"line":12,"column":39}},"5":{"start":{"line":13,"column":2},"end":{"line":13,"column":39}},"6":{"start":{"line":14,"column":2},"end":{"line":14,"column":151}},"7":{"start":{"line":15,"column":2},"end":{"line":15,"column":75}},"8":{"start":{"line":19,"column":2},"end":{"line":40,"column":4}},"9":{"start":{"line":42,"column":0},"end":{"line":42,"column":11}},"10":{"start":{"line":45,"column":0},"end":{"line":45,"column":26}},"11":{"start":{"line":46,"column":0},"end":{"line":49,"column":1}},"12":{"start":{"line":47,"column":2},"end":{"line":47,"column":39}},"13":{"start":{"line":48,"column":2},"end":{"line":48,"column":39}},"14":{"start":{"line":50,"column":0},"end":{"line":59,"column":1}},"15":{"start":{"line":51,"column":2},"end":{"line":58,"column":5}},"16":{"start":{"line":52,"column":4},"end":{"line":52,"column":164}},"17":{"start":{"line":53,"column":4},"end":{"line":57,"column":7}},"18":{"start":{"line":54,"column":6},"end":{"line":54,"column":31}},"19":{"start":{"line":54,"column":24},"end":{"line":54,"column":31}},"20":{"start":{"line":55,"column":32},"end":{"line":55,"column":213}},"21":{"start":{"line":56,"column":6},"end":{"line":56,"column":75}},"22":{"start":{"line":56,"column":29},"end":{"line":56,"column":75}}},"fnMap":{"0":{"name":"Input","decl":{"start":{"line":18,"column":9},"end":{"line":18,"column":14}},"loc":{"start":{"line":18,"column":46},"end":{"line":41,"column":1}},"line":18},"1":{"name":"(anonymous_1)","decl":{"start":{"line":51,"column":52},"end":{"line":51,"column":53}},"loc":{"start":{"line":51,"column":72},"end":{"line":58,"column":3}},"line":51},"2":{"name":"(anonymous_2)","decl":{"start":{"line":53,"column":27},"end":{"line":53,"column":28}},"loc":{"start":{"line":53,"column":44},"end":{"line":57,"column":5}},"line":53}},"branchMap":{"0":{"loc":{"start":{"line":3,"column":20},"end":{"line":3,"column":97}},"type":"binary-expr","locations":[{"start":{"line":3,"column":20},"end":{"line":3,"column":60}},{"start":{"line":3,"column":64},"end":{"line":3,"column":97}}],"line":3},"1":{"loc":{"start":{"line":6,"column":0},"end":{"line":16,"column":1}},"type":"if","locations":[{"start":{"line":6,"column":0},"end":{"line":16,"column":1}},{"start":{},"end":{}}],"line":6},"2":{"loc":{"start":{"line":6,"column":4},"end":{"line":6,"column":35}},"type":"binary-expr","locations":[{"start":{"line":6,"column":4},"end":{"line":6,"column":19}},{"start":{"line":6,"column":23},"end":{"line":6,"column":35}}],"line":6},"3":{"loc":{"start":{"line":7,"column":2},"end":{"line":11,"column":3}},"type":"if","locations":[{"start":{"line":7,"column":2},"end":{"line":11,"column":3}},{"start":{},"end":{}}],"line":7},"4":{"loc":{"start":{"line":46,"column":0},"end":{"line":49,"column":1}},"type":"if","locations":[{"start":{"line":46,"column":0},"end":{"line":49,"column":1}},{"start":{},"end":{}}],"line":46},"5":{"loc":{"start":{"line":46,"column":4},"end":{"line":46,"column":35}},"type":"binary-expr","locations":[{"start":{"line":46,"column":4},"end":{"line":46,"column":19}},{"start":{"line":46,"column":23},"end":{"line":46,"column":35}}],"line":46},"6":{"loc":{"start":{"line":50,"column":0},"end":{"line":59,"column":1}},"type":"if","locations":[{"start":{"line":50,"column":0},"end":{"line":59,"column":1}},{"start":{},"end":{}}],"line":50},"7":{"loc":{"start":{"line":50,"column":4},"end":{"line":50,"column":35}},"type":"binary-expr","locations":[{"start":{"line":50,"column":4},"end":{"line":50,"column":19}},{"start":{"line":50,"column":23},"end":{"line":50,"column":35}}],"line":50},"8":{"loc":{"start":{"line":54,"column":6},"end":{"line":54,"column":31}},"type":"if","locations":[{"start":{"line":54,"column":6},"end":{"line":54,"column":31}},{"start":{},"end":{}}],"line":54},"9":{"loc":{"start":{"line":56,"column":6},"end":{"line":56,"column":75}},"type":"if","locations":[{"start":{"line":56,"column":6},"end":{"line":56,"column":75}},{"start":{},"end":{}}],"line":56}},"s":{"0":1,"1":1,"2":1,"3":0,"4":1,"5":1,"6":1,"7":1,"8":0,"9":1,"10":1,"11":1,"12":1,"13":1,"14":1,"15":1,"16":1,"17":1,"18":0,"19":0,"20":0,"21":0,"22":0},"f":{"0":0,"1":1,"2":0},"b":{"0":[1,0],"1":[1,0],"2":[1,1],"3":[0,1],"4":[1,0],"5":[1,1],"6":[1,0],"7":[1,1],"8":[0,0],"9":[0,0]},"inputSourceMap":{"version":3,"mappings":"AAMI;;;;;;;;;;;;;;;;AAJJ,SAASA,UAAU;AAEnB,SAASC,MAAM,EAAEC,WAAWC,MAAM,GAAGC,MAAqC,GAAG;AAC3E,SACE;AAAA,IAAC;AAAA;AAAA,MACC;AAAA,MACA,aAAU;AAAA,MACV,WAAWJ;AAAAA,QACT;AAAA,QACA;AAAA,QACA;AAAA,QACAE;AAAAA,MACF;AAAA,MACA,GAAIE;AAAAA;AAAAA,IATN;AAAA;AAAA;AAAA;AAAA;AAAA;AAAA;AAAA;AAAA,EASY;AAGhB;AAACC,KAdQJ;AAgBT,SAASA;AAAQ,IAAAI;AAAA,aAAAA,IAAA","names":["cn","Input","className","type","props","_c"],"ignoreList":[],"sources":["/Users/huqianghui/Downloads/1.github/AI-avatar-vibe-coding/frontend/src/components/ui/input.tsx"],"file":"/Users/huqianghui/Downloads/1.github/AI-avatar-vibe-coding/frontend/src/components/ui/input.tsx"},"_coverageSchema":"1a1c01bbd47fc00a2c39e90264f33305004495a9","hash":"bd0bfb438d3dd7ff8fe329722bd2c4021ac67189"},"/Users/huqianghui/Downloads/1.github/AI-avatar-vibe-coding/frontend/src/components/ui/label.tsx":{"path":"/Users/huqianghui/Downloads/1.github/AI-avatar-vibe-coding/frontend/src/components/ui/label.tsx","statementMap":{"0":{"start":{"line":3,"column":20},"end":{"line":3,"column":97}},"1":{"start":{"line":6,"column":0},"end":{"line":16,"column":1}},"2":{"start":{"line":7,"column":2},"end":{"line":11,"column":3}},"3":{"start":{"line":8,"column":4},"end":{"line":10,"column":6}},"4":{"start":{"line":12,"column":2},"end":{"line":12,"column":39}},"5":{"start":{"line":13,"column":2},"end":{"line":13,"column":39}},"6":{"start":{"line":14,"column":2},"end":{"line":14,"column":151}},"7":{"start":{"line":15,"column":2},"end":{"line":15,"column":75}},"8":{"start":{"line":23,"column":2},"end":{"line":41,"column":4}},"9":{"start":{"line":43,"column":0},"end":{"line":43,"column":11}},"10":{"start":{"line":46,"column":0},"end":{"line":46,"column":26}},"11":{"start":{"line":47,"column":0},"end":{"line":50,"column":1}},"12":{"start":{"line":48,"column":2},"end":{"line":48,"column":39}},"13":{"start":{"line":49,"column":2},"end":{"line":49,"column":39}},"14":{"start":{"line":51,"column":0},"end":{"line":60,"column":1}},"15":{"start":{"line":52,"column":2},"end":{"line":59,"column":5}},"16":{"start":{"line":53,"column":4},"end":{"line":53,"column":164}},"17":{"start":{"line":54,"column":4},"end":{"line":58,"column":7}},"18":{"start":{"line":55,"column":6},"end":{"line":55,"column":31}},"19":{"start":{"line":55,"column":24},"end":{"line":55,"column":31}},"20":{"start":{"line":56,"column":32},"end":{"line":56,"column":213}},"21":{"start":{"line":57,"column":6},"end":{"line":57,"column":75}},"22":{"start":{"line":57,"column":29},"end":{"line":57,"column":75}}},"fnMap":{"0":{"name":"Label","decl":{"start":{"line":19,"column":9},"end":{"line":19,"column":14}},"loc":{"start":{"line":22,"column":3},"end":{"line":42,"column":1}},"line":22},"1":{"name":"(anonymous_1)","decl":{"start":{"line":52,"column":52},"end":{"line":52,"column":53}},"loc":{"start":{"line":52,"column":72},"end":{"line":59,"column":3}},"line":52},"2":{"name":"(anonymous_2)","decl":{"start":{"line":54,"column":27},"end":{"line":54,"column":28}},"loc":{"start":{"line":54,"column":44},"end":{"line":58,"column":5}},"line":54}},"branchMap":{"0":{"loc":{"start":{"line":3,"column":20},"end":{"line":3,"column":97}},"type":"binary-expr","locations":[{"start":{"line":3,"column":20},"end":{"line":3,"column":60}},{"start":{"line":3,"column":64},"end":{"line":3,"column":97}}],"line":3},"1":{"loc":{"start":{"line":6,"column":0},"end":{"line":16,"column":1}},"type":"if","locations":[{"start":{"line":6,"column":0},"end":{"line":16,"column":1}},{"start":{},"end":{}}],"line":6},"2":{"loc":{"start":{"line":6,"column":4},"end":{"line":6,"column":35}},"type":"binary-expr","locations":[{"start":{"line":6,"column":4},"end":{"line":6,"column":19}},{"start":{"line":6,"column":23},"end":{"line":6,"column":35}}],"line":6},"3":{"loc":{"start":{"line":7,"column":2},"end":{"line":11,"column":3}},"type":"if","locations":[{"start":{"line":7,"column":2},"end":{"line":11,"column":3}},{"start":{},"end":{}}],"line":7},"4":{"loc":{"start":{"line":47,"column":0},"end":{"line":50,"column":1}},"type":"if","locations":[{"start":{"line":47,"column":0},"end":{"line":50,"column":1}},{"start":{},"end":{}}],"line":47},"5":{"loc":{"start":{"line":47,"column":4},"end":{"line":47,"column":35}},"type":"binary-expr","locations":[{"start":{"line":47,"column":4},"end":{"line":47,"column":19}},{"start":{"line":47,"column":23},"end":{"line":47,"column":35}}],"line":47},"6":{"loc":{"start":{"line":51,"column":0},"end":{"line":60,"column":1}},"type":"if","locations":[{"start":{"line":51,"column":0},"end":{"line":60,"column":1}},{"start":{},"end":{}}],"line":51},"7":{"loc":{"start":{"line":51,"column":4},"end":{"line":51,"column":35}},"type":"binary-expr","locations":[{"start":{"line":51,"column":4},"end":{"line":51,"column":19}},{"start":{"line":51,"column":23},"end":{"line":51,"column":35}}],"line":51},"8":{"loc":{"start":{"line":55,"column":6},"end":{"line":55,"column":31}},"type":"if","locations":[{"start":{"line":55,"column":6},"end":{"line":55,"column":31}},{"start":{},"end":{}}],"line":55},"9":{"loc":{"start":{"line":57,"column":6},"end":{"line":57,"column":75}},"type":"if","locations":[{"start":{"line":57,"column":6},"end":{"line":57,"column":75}},{"start":{},"end":{}}],"line":57}},"s":{"0":1,"1":1,"2":1,"3":0,"4":1,"5":1,"6":1,"7":1,"8":0,"9":1,"10":1,"11":1,"12":1,"13":1,"14":1,"15":1,"16":1,"17":1,"18":0,"19":0,"20":0,"21":0,"22":0},"f":{"0":0,"1":1,"2":0},"b":{"0":[1,0],"1":[1,0],"2":[1,1],"3":[0,1],"4":[1,0],"5":[1,1],"6":[1,0],"7":[1,1],"8":[0,0],"9":[0,0]},"inputSourceMap":{"version":3,"mappings":"AAUI;;;;;;;;;;;;;;;;AATJ,YAAYA,oBAAoB;AAEhC,SAASC,UAAU;AAEnB,SAASC,MAAM;AAAA,EACbC;AAAAA,EACA,GAAGC;AAC6C,GAAG;AACnD,SACE;AAAA,IAAC,eAAe;AAAA,IAAf;AAAA,MACC,aAAU;AAAA,MACV,WAAWH;AAAAA,QACT;AAAA,QACAE;AAAAA,MACF;AAAA,MACA,GAAIC;AAAAA;AAAAA,IANN;AAAA;AAAA;AAAA;AAAA;AAAA;AAAA;AAAA;AAAA,EAMY;AAGhB;AAACC,KAdQH;AAgBT,SAASA;AAAQ,IAAAG;AAAA,aAAAA,IAAA","names":["LabelPrimitive","cn","Label","className","props","_c"],"ignoreList":[],"sources":["/Users/huqianghui/Downloads/1.github/AI-avatar-vibe-coding/frontend/src/components/ui/label.tsx"],"file":"/Users/huqianghui/Downloads/1.github/AI-avatar-vibe-coding/frontend/src/components/ui/label.tsx"},"_coverageSchema":"1a1c01bbd47fc00a2c39e90264f33305004495a9","hash":"bca49465cc4c212620f1a53040d79b891e14ed1e"},"/Users/huqianghui/Downloads/1.github/AI-avatar-vibe-coding/frontend/src/components/ui/checkbox.tsx":{"path":"/Users/huqianghui/Downloads/1.github/AI-avatar-vibe-coding/frontend/src/components/ui/checkbox.tsx","statementMap":{"0":{"start":{"line":3,"column":20},"end":{"line":3,"column":97}},"1":{"start":{"line":6,"column":0},"end":{"line":16,"column":1}},"2":{"start":{"line":7,"column":2},"end":{"line":11,"column":3}},"3":{"start":{"line":8,"column":4},"end":{"line":10,"column":6}},"4":{"start":{"line":12,"column":2},"end":{"line":12,"column":39}},"5":{"start":{"line":13,"column":2},"end":{"line":13,"column":39}},"6":{"start":{"line":14,"column":2},"end":{"line":14,"column":154}},"7":{"start":{"line":15,"column":2},"end":{"line":15,"column":75}},"8":{"start":{"line":24,"column":2},"end":{"line":62,"column":4}},"9":{"start":{"line":64,"column":0},"end":{"line":64,"column":14}},"10":{"start":{"line":67,"column":0},"end":{"line":67,"column":29}},"11":{"start":{"line":68,"column":0},"end":{"line":71,"column":1}},"12":{"start":{"line":69,"column":2},"end":{"line":69,"column":39}},"13":{"start":{"line":70,"column":2},"end":{"line":70,"column":39}},"14":{"start":{"line":72,"column":0},"end":{"line":81,"column":1}},"15":{"start":{"line":73,"column":2},"end":{"line":80,"column":5}},"16":{"start":{"line":74,"column":4},"end":{"line":74,"column":167}},"17":{"start":{"line":75,"column":4},"end":{"line":79,"column":7}},"18":{"start":{"line":76,"column":6},"end":{"line":76,"column":31}},"19":{"start":{"line":76,"column":24},"end":{"line":76,"column":31}},"20":{"start":{"line":77,"column":32},"end":{"line":77,"column":216}},"21":{"start":{"line":78,"column":6},"end":{"line":78,"column":75}},"22":{"start":{"line":78,"column":29},"end":{"line":78,"column":75}}},"fnMap":{"0":{"name":"Checkbox","decl":{"start":{"line":20,"column":9},"end":{"line":20,"column":17}},"loc":{"start":{"line":23,"column":3},"end":{"line":63,"column":1}},"line":23},"1":{"name":"(anonymous_1)","decl":{"start":{"line":73,"column":52},"end":{"line":73,"column":53}},"loc":{"start":{"line":73,"column":72},"end":{"line":80,"column":3}},"line":73},"2":{"name":"(anonymous_2)","decl":{"start":{"line":75,"column":27},"end":{"line":75,"column":28}},"loc":{"start":{"line":75,"column":44},"end":{"line":79,"column":5}},"line":75}},"branchMap":{"0":{"loc":{"start":{"line":3,"column":20},"end":{"line":3,"column":97}},"type":"binary-expr","locations":[{"start":{"line":3,"column":20},"end":{"line":3,"column":60}},{"start":{"line":3,"column":64},"end":{"line":3,"column":97}}],"line":3},"1":{"loc":{"start":{"line":6,"column":0},"end":{"line":16,"column":1}},"type":"if","locations":[{"start":{"line":6,"column":0},"end":{"line":16,"column":1}},{"start":{},"end":{}}],"line":6},"2":{"loc":{"start":{"line":6,"column":4},"end":{"line":6,"column":35}},"type":"binary-expr","locations":[{"start":{"line":6,"column":4},"end":{"line":6,"column":19}},{"start":{"line":6,"column":23},"end":{"line":6,"column":35}}],"line":6},"3":{"loc":{"start":{"line":7,"column":2},"end":{"line":11,"column":3}},"type":"if","locations":[{"start":{"line":7,"column":2},"end":{"line":11,"column":3}},{"start":{},"end":{}}],"line":7},"4":{"loc":{"start":{"line":68,"column":0},"end":{"line":71,"column":1}},"type":"if","locations":[{"start":{"line":68,"column":0},"end":{"line":71,"column":1}},{"start":{},"end":{}}],"line":68},"5":{"loc":{"start":{"line":68,"column":4},"end":{"line":68,"column":35}},"type":"binary-expr","locations":[{"start":{"line":68,"column":4},"end":{"line":68,"column":19}},{"start":{"line":68,"column":23},"end":{"line":68,"column":35}}],"line":68},"6":{"loc":{"start":{"line":72,"column":0},"end":{"line":81,"column":1}},"type":"if","locations":[{"start":{"line":72,"column":0},"end":{"line":81,"column":1}},{"start":{},"end":{}}],"line":72},"7":{"loc":{"start":{"line":72,"column":4},"end":{"line":72,"column":35}},"type":"binary-expr","locations":[{"start":{"line":72,"column":4},"end":{"line":72,"column":19}},{"start":{"line":72,"column":23},"end":{"line":72,"column":35}}],"line":72},"8":{"loc":{"start":{"line":76,"column":6},"end":{"line":76,"column":31}},"type":"if","locations":[{"start":{"line":76,"column":6},"end":{"line":76,"column":31}},{"start":{},"end":{}}],"line":76},"9":{"loc":{"start":{"line":78,"column":6},"end":{"line":78,"column":75}},"type":"if","locations":[{"start":{"line":78,"column":6},"end":{"line":78,"column":75}},{"start":{},"end":{}}],"line":78}},"s":{"0":1,"1":1,"2":1,"3":0,"4":1,"5":1,"6":1,"7":1,"8":0,"9":1,"10":1,"11":1,"12":1,"13":1,"14":1,"15":1,"16":1,"17":1,"18":0,"19":0,"20":0,"21":0,"22":0},"f":{"0":0,"1":1,"2":0},"b":{"0":[1,0],"1":[1,0],"2":[1,1],"3":[0,1],"4":[1,0],"5":[1,1],"6":[1,0],"7":[1,1],"8":[0,0],"9":[0,0]},"inputSourceMap":{"version":3,"mappings":"AAuBQ;;;;;;;;;;;;;;;;AAtBR,YAAYA,uBAAuB;AACnC,SAASC,iBAAiB;AAE1B,SAASC,UAAU;AAEnB,SAASC,SAAS;AAAA,EAChBC;AAAAA,EACA,GAAGC;AACgD,GAAG;AACtD,SACE;AAAA,IAAC,kBAAkB;AAAA,IAAlB;AAAA,MACC,aAAU;AAAA,MACV,WAAWH;AAAAA,QACT;AAAA,QACAE;AAAAA,MACF;AAAA,MACA,GAAIC;AAAAA,MAEJ;AAAA,QAAC,kBAAkB;AAAA,QAAlB;AAAA,UACC,aAAU;AAAA,UACV,WAAU;AAAA,UAEV,iCAAC,aAAU,WAAU,cAArB;AAAA;AAAA;AAAA;AAAA,iBAA+B;AAAA;AAAA,QAJjC;AAAA;AAAA;AAAA;AAAA;AAAA;AAAA;AAAA;AAAA,MAKA;AAAA;AAAA,IAbF;AAAA;AAAA;AAAA;AAAA;AAAA;AAAA;AAAA;AAAA,EAcA;AAEJ;AAACC,KArBQH;AAuBT,SAASA;AAAW,IAAAG;AAAA,aAAAA,IAAA","names":["CheckboxPrimitive","CheckIcon","cn","Checkbox","className","props","_c"],"ignoreList":[],"sources":["/Users/huqianghui/Downloads/1.github/AI-avatar-vibe-coding/frontend/src/components/ui/checkbox.tsx"],"file":"/Users/huqianghui/Downloads/1.github/AI-avatar-vibe-coding/frontend/src/components/ui/checkbox.tsx"},"_coverageSchema":"1a1c01bbd47fc00a2c39e90264f33305004495a9","hash":"983eef37208fa07781175e6855de4109066c7d62"},"/Users/huqianghui/Downloads/1.github/AI-avatar-vibe-coding/frontend/src/components/ui/avatar.tsx":{"path":"/Users/huqianghui/Downloads/1.github/AI-avatar-vibe-coding/frontend/src/components/ui/avatar.tsx","statementMap":{"0":{"start":{"line":3,"column":20},"end":{"line":3,"column":97}},"1":{"start":{"line":6,"column":0},"end":{"line":16,"column":1}},"2":{"start":{"line":7,"column":2},"end":{"line":11,"column":3}},"3":{"start":{"line":8,"column":4},"end":{"line":10,"column":6}},"4":{"start":{"line":12,"column":2},"end":{"line":12,"column":39}},"5":{"start":{"line":13,"column":2},"end":{"line":13,"column":39}},"6":{"start":{"line":14,"column":2},"end":{"line":14,"column":152}},"7":{"start":{"line":15,"column":2},"end":{"line":15,"column":75}},"8":{"start":{"line":23,"column":2},"end":{"line":41,"column":4}},"9":{"start":{"line":43,"column":0},"end":{"line":43,"column":12}},"10":{"start":{"line":48,"column":2},"end":{"line":63,"column":4}},"11":{"start":{"line":65,"column":0},"end":{"line":65,"column":18}},"12":{"start":{"line":70,"column":2},"end":{"line":88,"column":4}},"13":{"start":{"line":90,"column":0},"end":{"line":90,"column":21}},"14":{"start":{"line":93,"column":0},"end":{"line":93,"column":27}},"15":{"start":{"line":94,"column":0},"end":{"line":94,"column":33}},"16":{"start":{"line":95,"column":0},"end":{"line":95,"column":36}},"17":{"start":{"line":96,"column":0},"end":{"line":99,"column":1}},"18":{"start":{"line":97,"column":2},"end":{"line":97,"column":39}},"19":{"start":{"line":98,"column":2},"end":{"line":98,"column":39}},"20":{"start":{"line":100,"column":0},"end":{"line":109,"column":1}},"21":{"start":{"line":101,"column":2},"end":{"line":108,"column":5}},"22":{"start":{"line":102,"column":4},"end":{"line":102,"column":165}},"23":{"start":{"line":103,"column":4},"end":{"line":107,"column":7}},"24":{"start":{"line":104,"column":6},"end":{"line":104,"column":31}},"25":{"start":{"line":104,"column":24},"end":{"line":104,"column":31}},"26":{"start":{"line":105,"column":32},"end":{"line":105,"column":214}},"27":{"start":{"line":106,"column":6},"end":{"line":106,"column":75}},"28":{"start":{"line":106,"column":29},"end":{"line":106,"column":75}}},"fnMap":{"0":{"name":"Avatar","decl":{"start":{"line":19,"column":9},"end":{"line":19,"column":15}},"loc":{"start":{"line":22,"column":3},"end":{"line":42,"column":1}},"line":22},"1":{"name":"AvatarImage","decl":{"start":{"line":44,"column":9},"end":{"line":44,"column":20}},"loc":{"start":{"line":47,"column":3},"end":{"line":64,"column":1}},"line":47},"2":{"name":"AvatarFallback","decl":{"start":{"line":66,"column":9},"end":{"line":66,"column":23}},"loc":{"start":{"line":69,"column":3},"end":{"line":89,"column":1}},"line":69},"3":{"name":"(anonymous_3)","decl":{"start":{"line":101,"column":52},"end":{"line":101,"column":53}},"loc":{"start":{"line":101,"column":72},"end":{"line":108,"column":3}},"line":101},"4":{"name":"(anonymous_4)","decl":{"start":{"line":103,"column":27},"end":{"line":103,"column":28}},"loc":{"start":{"line":103,"column":44},"end":{"line":107,"column":5}},"line":103}},"branchMap":{"0":{"loc":{"start":{"line":3,"column":20},"end":{"line":3,"column":97}},"type":"binary-expr","locations":[{"start":{"line":3,"column":20},"end":{"line":3,"column":60}},{"start":{"line":3,"column":64},"end":{"line":3,"column":97}}],"line":3},"1":{"loc":{"start":{"line":6,"column":0},"end":{"line":16,"column":1}},"type":"if","locations":[{"start":{"line":6,"column":0},"end":{"line":16,"column":1}},{"start":{},"end":{}}],"line":6},"2":{"loc":{"start":{"line":6,"column":4},"end":{"line":6,"column":35}},"type":"binary-expr","locations":[{"start":{"line":6,"column":4},"end":{"line":6,"column":19}},{"start":{"line":6,"column":23},"end":{"line":6,"column":35}}],"line":6},"3":{"loc":{"start":{"line":7,"column":2},"end":{"line":11,"column":3}},"type":"if","locations":[{"start":{"line":7,"column":2},"end":{"line":11,"column":3}},{"start":{},"end":{}}],"line":7},"4":{"loc":{"start":{"line":96,"column":0},"end":{"line":99,"column":1}},"type":"if","locations":[{"start":{"line":96,"column":0},"end":{"line":99,"column":1}},{"start":{},"end":{}}],"line":96},"5":{"loc":{"start":{"line":96,"column":4},"end":{"line":96,"column":35}},"type":"binary-expr","locations":[{"start":{"line":96,"column":4},"end":{"line":96,"column":19}},{"start":{"line":96,"column":23},"end":{"line":96,"column":35}}],"line":96},"6":{"loc":{"start":{"line":100,"column":0},"end":{"line":109,"column":1}},"type":"if","locations":[{"start":{"line":100,"column":0},"end":{"line":109,"column":1}},{"start":{},"end":{}}],"line":100},"7":{"loc":{"start":{"line":100,"column":4},"end":{"line":100,"column":35}},"type":"binary-expr","locations":[{"start":{"line":100,"column":4},"end":{"line":100,"column":19}},{"start":{"line":100,"column":23},"end":{"line":100,"column":35}}],"line":100},"8":{"loc":{"start":{"line":104,"column":6},"end":{"line":104,"column":31}},"type":"if","locations":[{"start":{"line":104,"column":6},"end":{"line":104,"column":31}},{"start":{},"end":{}}],"line":104},"9":{"loc":{"start":{"line":106,"column":6},"end":{"line":106,"column":75}},"type":"if","locations":[{"start":{"line":106,"column":6},"end":{"line":106,"column":75}},{"start":{},"end":{}}],"line":106}},"s":{"0":1,"1":1,"2":1,"3":0,"4":1,"5":1,"6":1,"7":1,"8":12,"9":1,"10":0,"11":1,"12":12,"13":1,"14":1,"15":1,"16":1,"17":1,"18":1,"19":1,"20":1,"21":1,"22":1,"23":1,"24":0,"25":0,"26":0,"27":0,"28":0},"f":{"0":12,"1":0,"2":12,"3":1,"4":0},"b":{"0":[1,0],"1":[1,0],"2":[1,1],"3":[0,1],"4":[1,0],"5":[1,1],"6":[1,0],"7":[1,1],"8":[0,0],"9":[0,0]},"inputSourceMap":{"version":3,"mappings":"AAUI;;;;;;;;;;;;;;;;AATJ,YAAYA,qBAAqB;AAEjC,SAASC,UAAU;AAEnB,SAASC,OAAO;AAAA,EACdC;AAAAA,EACA,GAAGC;AAC8C,GAAG;AACpD,SACE;AAAA,IAAC,gBAAgB;AAAA,IAAhB;AAAA,MACC,aAAU;AAAA,MACV,WAAWH;AAAAA,QACT;AAAA,QACAE;AAAAA,MACF;AAAA,MACA,GAAIC;AAAAA;AAAAA,IANN;AAAA;AAAA;AAAA;AAAA;AAAA;AAAA;AAAA;AAAA,EAMY;AAGhB;AAACC,KAdQH;AAgBT,SAASI,YAAY;AAAA,EACnBH;AAAAA,EACA,GAAGC;AAC+C,GAAG;AACrD,SACE;AAAA,IAAC,gBAAgB;AAAA,IAAhB;AAAA,MACC,aAAU;AAAA,MACV,WAAWH,GAAG,2BAA2BE,SAAS;AAAA,MAClD,GAAIC;AAAAA;AAAAA,IAHN;AAAA;AAAA;AAAA;AAAA;AAAA;AAAA;AAAA;AAAA,EAGY;AAGhB;AAACG,MAXQD;AAaT,SAASE,eAAe;AAAA,EACtBL;AAAAA,EACA,GAAGC;AACkD,GAAG;AACxD,SACE;AAAA,IAAC,gBAAgB;AAAA,IAAhB;AAAA,MACC,aAAU;AAAA,MACV,WAAWH;AAAAA,QACT;AAAA,QACAE;AAAAA,MACF;AAAA,MACA,GAAIC;AAAAA;AAAAA,IANN;AAAA;AAAA;AAAA;AAAA;AAAA;AAAA;AAAA;AAAA,EAMY;AAGhB;AAACK,MAdQD;AAgBT,SAASN,QAAQI,aAAaE;AAAiB,IAAAH,IAAAE,KAAAE;AAAA,aAAAJ,IAAA;AAAA,aAAAE,KAAA;AAAA,aAAAE,KAAA","names":["AvatarPrimitive","cn","Avatar","className","props","_c","AvatarImage","_c2","AvatarFallback","_c3"],"ignoreList":[],"sources":["/Users/huqianghui/Downloads/1.github/AI-avatar-vibe-coding/frontend/src/components/ui/avatar.tsx"],"file":"/Users/huqianghui/Downloads/1.github/AI-avatar-vibe-coding/frontend/src/components/ui/avatar.tsx"},"_coverageSchema":"1a1c01bbd47fc00a2c39e90264f33305004495a9","hash":"4cee79b13e09a731690c56ebbe03d7f85277dfa5"},"/Users/huqianghui/Downloads/1.github/AI-avatar-vibe-coding/frontend/src/components/ui/dropdown-menu.tsx":{"path":"/Users/huqianghui/Downloads/1.github/AI-avatar-vibe-coding/frontend/src/components/ui/dropdown-menu.tsx","statementMap":{"0":{"start":{"line":3,"column":20},"end":{"line":3,"column":97}},"1":{"start":{"line":6,"column":0},"end":{"line":16,"column":1}},"2":{"start":{"line":7,"column":2},"end":{"line":11,"column":3}},"3":{"start":{"line":8,"column":4},"end":{"line":10,"column":6}},"4":{"start":{"line":12,"column":2},"end":{"line":12,"column":39}},"5":{"start":{"line":13,"column":2},"end":{"line":13,"column":39}},"6":{"start":{"line":14,"column":2},"end":{"line":14,"column":159}},"7":{"start":{"line":15,"column":2},"end":{"line":15,"column":75}},"8":{"start":{"line":23,"column":2},"end":{"line":27,"column":11}},"9":{"start":{"line":29,"column":0},"end":{"line":29,"column":18}},"10":{"start":{"line":33,"column":2},"end":{"line":37,"column":11}},"11":{"start":{"line":39,"column":0},"end":{"line":39,"column":25}},"12":{"start":{"line":43,"column":2},"end":{"line":57,"column":4}},"13":{"start":{"line":59,"column":0},"end":{"line":59,"column":26}},"14":{"start":{"line":65,"column":2},"end":{"line":88,"column":11}},"15":{"start":{"line":90,"column":0},"end":{"line":90,"column":26}},"16":{"start":{"line":94,"column":2},"end":{"line":98,"column":11}},"17":{"start":{"line":100,"column":0},"end":{"line":100,"column":24}},"18":{"start":{"line":107,"column":2},"end":{"line":127,"column":4}},"19":{"start":{"line":129,"column":0},"end":{"line":129,"column":23}},"20":{"start":{"line":136,"column":2},"end":{"line":171,"column":4}},"21":{"start":{"line":173,"column":0},"end":{"line":173,"column":31}},"22":{"start":{"line":177,"column":2},"end":{"line":191,"column":4}},"23":{"start":{"line":193,"column":0},"end":{"line":193,"column":29}},"24":{"start":{"line":199,"column":2},"end":{"line":233,"column":4}},"25":{"start":{"line":235,"column":0},"end":{"line":235,"column":28}},"26":{"start":{"line":241,"column":2},"end":{"line":260,"column":4}},"27":{"start":{"line":262,"column":0},"end":{"line":262,"column":24}},"28":{"start":{"line":267,"column":2},"end":{"line":282,"column":4}},"29":{"start":{"line":284,"column":0},"end":{"line":284,"column":28}},"30":{"start":{"line":289,"column":2},"end":{"line":307,"column":4}},"31":{"start":{"line":309,"column":0},"end":{"line":309,"column":28}},"32":{"start":{"line":313,"column":2},"end":{"line":317,"column":11}},"33":{"start":{"line":319,"column":0},"end":{"line":319,"column":23}},"34":{"start":{"line":326,"column":2},"end":{"line":353,"column":4}},"35":{"start":{"line":355,"column":0},"end":{"line":355,"column":30}},"36":{"start":{"line":360,"column":2},"end":{"line":378,"column":4}},"37":{"start":{"line":380,"column":0},"end":{"line":380,"column":30}},"38":{"start":{"line":399,"column":0},"end":{"line":399,"column":33}},"39":{"start":{"line":400,"column":0},"end":{"line":400,"column":40}},"40":{"start":{"line":401,"column":0},"end":{"line":401,"column":41}},"41":{"start":{"line":402,"column":0},"end":{"line":402,"column":41}},"42":{"start":{"line":403,"column":0},"end":{"line":403,"column":39}},"43":{"start":{"line":404,"column":0},"end":{"line":404,"column":38}},"44":{"start":{"line":405,"column":0},"end":{"line":405,"column":46}},"45":{"start":{"line":406,"column":0},"end":{"line":406,"column":44}},"46":{"start":{"line":407,"column":0},"end":{"line":407,"column":43}},"47":{"start":{"line":408,"column":0},"end":{"line":408,"column":39}},"48":{"start":{"line":409,"column":0},"end":{"line":409,"column":43}},"49":{"start":{"line":410,"column":0},"end":{"line":410,"column":43}},"50":{"start":{"line":411,"column":0},"end":{"line":411,"column":38}},"51":{"start":{"line":412,"column":0},"end":{"line":412,"column":45}},"52":{"start":{"line":413,"column":0},"end":{"line":413,"column":45}},"53":{"start":{"line":414,"column":0},"end":{"line":417,"column":1}},"54":{"start":{"line":415,"column":2},"end":{"line":415,"column":39}},"55":{"start":{"line":416,"column":2},"end":{"line":416,"column":39}},"56":{"start":{"line":418,"column":0},"end":{"line":427,"column":1}},"57":{"start":{"line":419,"column":2},"end":{"line":426,"column":5}},"58":{"start":{"line":420,"column":4},"end":{"line":420,"column":172}},"59":{"start":{"line":421,"column":4},"end":{"line":425,"column":7}},"60":{"start":{"line":422,"column":6},"end":{"line":422,"column":31}},"61":{"start":{"line":422,"column":24},"end":{"line":422,"column":31}},"62":{"start":{"line":423,"column":32},"end":{"line":423,"column":221}},"63":{"start":{"line":424,"column":6},"end":{"line":424,"column":75}},"64":{"start":{"line":424,"column":29},"end":{"line":424,"column":75}}},"fnMap":{"0":{"name":"DropdownMenu","decl":{"start":{"line":20,"column":9},"end":{"line":20,"column":21}},"loc":{"start":{"line":22,"column":3},"end":{"line":28,"column":1}},"line":22},"1":{"name":"DropdownMenuPortal","decl":{"start":{"line":30,"column":9},"end":{"line":30,"column":27}},"loc":{"start":{"line":32,"column":3},"end":{"line":38,"column":1}},"line":32},"2":{"name":"DropdownMenuTrigger","decl":{"start":{"line":40,"column":9},"end":{"line":40,"column":28}},"loc":{"start":{"line":42,"column":3},"end":{"line":58,"column":1}},"line":42},"3":{"name":"DropdownMenuContent","decl":{"start":{"line":60,"column":9},"end":{"line":60,"column":28}},"loc":{"start":{"line":64,"column":3},"end":{"line":89,"column":1}},"line":64},"4":{"name":"DropdownMenuGroup","decl":{"start":{"line":91,"column":9},"end":{"line":91,"column":26}},"loc":{"start":{"line":93,"column":3},"end":{"line":99,"column":1}},"line":93},"5":{"name":"DropdownMenuItem","decl":{"start":{"line":101,"column":9},"end":{"line":101,"column":25}},"loc":{"start":{"line":106,"column":3},"end":{"line":128,"column":1}},"line":106},"6":{"name":"DropdownMenuCheckboxItem","decl":{"start":{"line":130,"column":9},"end":{"line":130,"column":33}},"loc":{"start":{"line":135,"column":3},"end":{"line":172,"column":1}},"line":135},"7":{"name":"DropdownMenuRadioGroup","decl":{"start":{"line":174,"column":9},"end":{"line":174,"column":31}},"loc":{"start":{"line":176,"column":3},"end":{"line":192,"column":1}},"line":176},"8":{"name":"DropdownMenuRadioItem","decl":{"start":{"line":194,"column":9},"end":{"line":194,"column":30}},"loc":{"start":{"line":198,"column":3},"end":{"line":234,"column":1}},"line":198},"9":{"name":"DropdownMenuLabel","decl":{"start":{"line":236,"column":9},"end":{"line":236,"column":26}},"loc":{"start":{"line":240,"column":3},"end":{"line":261,"column":1}},"line":240},"10":{"name":"DropdownMenuSeparator","decl":{"start":{"line":263,"column":9},"end":{"line":263,"column":30}},"loc":{"start":{"line":266,"column":3},"end":{"line":283,"column":1}},"line":266},"11":{"name":"DropdownMenuShortcut","decl":{"start":{"line":285,"column":9},"end":{"line":285,"column":29}},"loc":{"start":{"line":288,"column":3},"end":{"line":308,"column":1}},"line":288},"12":{"name":"DropdownMenuSub","decl":{"start":{"line":310,"column":9},"end":{"line":310,"column":24}},"loc":{"start":{"line":312,"column":3},"end":{"line":318,"column":1}},"line":312},"13":{"name":"DropdownMenuSubTrigger","decl":{"start":{"line":320,"column":9},"end":{"line":320,"column":31}},"loc":{"start":{"line":325,"column":3},"end":{"line":354,"column":1}},"line":325},"14":{"name":"DropdownMenuSubContent","decl":{"start":{"line":356,"column":9},"end":{"line":356,"column":31}},"loc":{"start":{"line":359,"column":3},"end":{"line":379,"column":1}},"line":359},"15":{"name":"(anonymous_15)","decl":{"start":{"line":419,"column":52},"end":{"line":419,"column":53}},"loc":{"start":{"line":419,"column":72},"end":{"line":426,"column":3}},"line":419},"16":{"name":"(anonymous_16)","decl":{"start":{"line":421,"column":27},"end":{"line":421,"column":28}},"loc":{"start":{"line":421,"column":44},"end":{"line":425,"column":5}},"line":421}},"branchMap":{"0":{"loc":{"start":{"line":3,"column":20},"end":{"line":3,"column":97}},"type":"binary-expr","locations":[{"start":{"line":3,"column":20},"end":{"line":3,"column":60}},{"start":{"line":3,"column":64},"end":{"line":3,"column":97}}],"line":3},"1":{"loc":{"start":{"line":6,"column":0},"end":{"line":16,"column":1}},"type":"if","locations":[{"start":{"line":6,"column":0},"end":{"line":16,"column":1}},{"start":{},"end":{}}],"line":6},"2":{"loc":{"start":{"line":6,"column":4},"end":{"line":6,"column":35}},"type":"binary-expr","locations":[{"start":{"line":6,"column":4},"end":{"line":6,"column":19}},{"start":{"line":6,"column":23},"end":{"line":6,"column":35}}],"line":6},"3":{"loc":{"start":{"line":7,"column":2},"end":{"line":11,"column":3}},"type":"if","locations":[{"start":{"line":7,"column":2},"end":{"line":11,"column":3}},{"start":{},"end":{}}],"line":7},"4":{"loc":{"start":{"line":62,"column":2},"end":{"line":62,"column":16}},"type":"default-arg","locations":[{"start":{"line":62,"column":15},"end":{"line":62,"column":16}}],"line":62},"5":{"loc":{"start":{"line":104,"column":2},"end":{"line":104,"column":21}},"type":"default-arg","locations":[{"start":{"line":104,"column":12},"end":{"line":104,"column":21}}],"line":104},"6":{"loc":{"start":{"line":414,"column":0},"end":{"line":417,"column":1}},"type":"if","locations":[{"start":{"line":414,"column":0},"end":{"line":417,"column":1}},{"start":{},"end":{}}],"line":414},"7":{"loc":{"start":{"line":414,"column":4},"end":{"line":414,"column":35}},"type":"binary-expr","locations":[{"start":{"line":414,"column":4},"end":{"line":414,"column":19}},{"start":{"line":414,"column":23},"end":{"line":414,"column":35}}],"line":414},"8":{"loc":{"start":{"line":418,"column":0},"end":{"line":427,"column":1}},"type":"if","locations":[{"start":{"line":418,"column":0},"end":{"line":427,"column":1}},{"start":{},"end":{}}],"line":418},"9":{"loc":{"start":{"line":418,"column":4},"end":{"line":418,"column":35}},"type":"binary-expr","locations":[{"start":{"line":418,"column":4},"end":{"line":418,"column":19}},{"start":{"line":418,"column":23},"end":{"line":418,"column":35}}],"line":418},"10":{"loc":{"start":{"line":422,"column":6},"end":{"line":422,"column":31}},"type":"if","locations":[{"start":{"line":422,"column":6},"end":{"line":422,"column":31}},{"start":{},"end":{}}],"line":422},"11":{"loc":{"start":{"line":424,"column":6},"end":{"line":424,"column":75}},"type":"if","locations":[{"start":{"line":424,"column":6},"end":{"line":424,"column":75}},{"start":{},"end":{}}],"line":424}},"s":{"0":1,"1":1,"2":1,"3":0,"4":1,"5":1,"6":1,"7":1,"8":4,"9":1,"10":0,"11":1,"12":4,"13":1,"14":4,"15":1,"16":0,"17":1,"18":0,"19":1,"20":0,"21":1,"22":0,"23":1,"24":0,"25":1,"26":0,"27":1,"28":0,"29":1,"30":0,"31":1,"32":0,"33":1,"34":0,"35":1,"36":0,"37":1,"38":1,"39":1,"40":1,"41":1,"42":1,"43":1,"44":1,"45":1,"46":1,"47":1,"48":1,"49":1,"50":1,"51":1,"52":1,"53":1,"54":1,"55":1,"56":1,"57":1,"58":1,"59":1,"60":0,"61":0,"62":0,"63":0,"64":0},"f":{"0":4,"1":0,"2":4,"3":4,"4":0,"5":0,"6":0,"7":0,"8":0,"9":0,"10":0,"11":0,"12":0,"13":0,"14":0,"15":1,"16":0},"b":{"0":[1,0],"1":[1,0],"2":[1,1],"3":[0,1],"4":[4],"5":[0],"6":[1,0],"7":[1,1],"8":[1,0],"9":[1,1],"10":[0,0],"11":[0,0]},"inputSourceMap":{"version":3,"mappings":"AASS;;;;;;;;;;;;;;;;AART,YAAYA,2BAA2B;AACvC,SAASC,WAAWC,kBAAkBC,kBAAkB;AAExD,SAASC,UAAU;AAEnB,SAASC,aAAa;AAAA,EACpB,GAAGC;AACoD,GAAG;AAC1D,SAAO,uBAAC,sBAAsB,MAAtB,EAA2B,aAAU,iBAAgB,GAAIA,SAA1D;AAAA;AAAA;AAAA;AAAA,SAAgE;AACzE;AAACC,KAJQF;AAMT,SAASG,mBAAmB;AAAA,EAC1B,GAAGF;AACsD,GAAG;AAC5D,SACE,uBAAC,sBAAsB,QAAtB,EAA6B,aAAU,wBAAuB,GAAIA,SAAnE;AAAA;AAAA;AAAA;AAAA,SAAyE;AAE7E;AAACG,MANQD;AAQT,SAASE,oBAAoB;AAAA,EAC3B,GAAGJ;AACuD,GAAG;AAC7D,SACE;AAAA,IAAC,sBAAsB;AAAA,IAAtB;AAAA,MACC,aAAU;AAAA,MACV,GAAIA;AAAAA;AAAAA,IAFN;AAAA;AAAA;AAAA;AAAA;AAAA;AAAA;AAAA;AAAA,EAEY;AAGhB;AAACK,MATQD;AAWT,SAASE,oBAAoB;AAAA,EAC3BC;AAAAA,EACAC,aAAa;AAAA,EACb,GAAGR;AACuD,GAAG;AAC7D,SACE,uBAAC,sBAAsB,QAAtB,EACC;AAAA,IAAC,sBAAsB;AAAA,IAAtB;AAAA,MACC,aAAU;AAAA,MACV;AAAA,MACA,WAAWF;AAAAA,QACT;AAAA,QACAS;AAAAA,MACF;AAAA,MACA,GAAIP;AAAAA;AAAAA,IAPN;AAAA;AAAA;AAAA;AAAA;AAAA;AAAA;AAAA;AAAA,EAOY,KARd;AAAA;AAAA;AAAA;AAAA,SAUA;AAEJ;AAACS,MAlBQH;AAoBT,SAASI,kBAAkB;AAAA,EACzB,GAAGV;AACqD,GAAG;AAC3D,SACE,uBAAC,sBAAsB,OAAtB,EAA4B,aAAU,uBAAsB,GAAIA,SAAjE;AAAA;AAAA;AAAA;AAAA,SAAuE;AAE3E;AAACW,MANQD;AAQT,SAASE,iBAAiB;AAAA,EACxBL;AAAAA,EACAM;AAAAA,EACAC,UAAU;AAAA,EACV,GAAGd;AAIL,GAAG;AACD,SACE;AAAA,IAAC,sBAAsB;AAAA,IAAtB;AAAA,MACC,aAAU;AAAA,MACV,cAAYa;AAAAA,MACZ,gBAAcC;AAAAA,MACd,WAAWhB;AAAAA,QACT;AAAA,QACAS;AAAAA,MACF;AAAA,MACA,GAAIP;AAAAA;AAAAA,IARN;AAAA;AAAA;AAAA;AAAA;AAAA;AAAA;AAAA;AAAA,EAQY;AAGhB;AAACe,MArBQH;AAuBT,SAASI,yBAAyB;AAAA,EAChCT;AAAAA,EACAU;AAAAA,EACAC;AAAAA,EACA,GAAGlB;AAC4D,GAAG;AAClE,SACE;AAAA,IAAC,sBAAsB;AAAA,IAAtB;AAAA,MACC,aAAU;AAAA,MACV,WAAWF;AAAAA,QACT;AAAA,QACAS;AAAAA,MACF;AAAA,MACA;AAAA,MACA,GAAIP;AAAAA,MAEJ;AAAA,+BAAC,UAAK,WAAU,iFACd,iCAAC,sBAAsB,eAAtB,EACC,iCAAC,aAAU,WAAU,YAArB;AAAA;AAAA;AAAA;AAAA,eAA6B,KAD/B;AAAA;AAAA;AAAA;AAAA,eAEA,KAHF;AAAA;AAAA;AAAA;AAAA,eAIA;AAAA,QACCiB;AAAAA;AAAAA;AAAAA,IAdH;AAAA;AAAA;AAAA;AAAA;AAAA;AAAA;AAAA;AAAA,EAeA;AAEJ;AAACE,MAxBQH;AA0BT,SAASI,uBAAuB;AAAA,EAC9B,GAAGpB;AAC0D,GAAG;AAChE,SACE;AAAA,IAAC,sBAAsB;AAAA,IAAtB;AAAA,MACC,aAAU;AAAA,MACV,GAAIA;AAAAA;AAAAA,IAFN;AAAA;AAAA;AAAA;AAAA;AAAA;AAAA;AAAA;AAAA,EAEY;AAGhB;AAACqB,MATQD;AAWT,SAASE,sBAAsB;AAAA,EAC7Bf;AAAAA,EACAU;AAAAA,EACA,GAAGjB;AACyD,GAAG;AAC/D,SACE;AAAA,IAAC,sBAAsB;AAAA,IAAtB;AAAA,MACC,aAAU;AAAA,MACV,WAAWF;AAAAA,QACT;AAAA,QACAS;AAAAA,MACF;AAAA,MACA,GAAIP;AAAAA,MAEJ;AAAA,+BAAC,UAAK,WAAU,iFACd,iCAAC,sBAAsB,eAAtB,EACC,iCAAC,cAAW,WAAU,yBAAtB;AAAA;AAAA;AAAA;AAAA,eAA2C,KAD7C;AAAA;AAAA;AAAA;AAAA,eAEA,KAHF;AAAA;AAAA;AAAA;AAAA,eAIA;AAAA,QACCiB;AAAAA;AAAAA;AAAAA,IAbH;AAAA;AAAA;AAAA;AAAA;AAAA;AAAA;AAAA;AAAA,EAcA;AAEJ;AAACM,MAtBQD;AAwBT,SAASE,kBAAkB;AAAA,EACzBjB;AAAAA,EACAM;AAAAA,EACA,GAAGb;AAGL,GAAG;AACD,SACE;AAAA,IAAC,sBAAsB;AAAA,IAAtB;AAAA,MACC,aAAU;AAAA,MACV,cAAYa;AAAAA,MACZ,WAAWf;AAAAA,QACT;AAAA,QACAS;AAAAA,MACF;AAAA,MACA,GAAIP;AAAAA;AAAAA,IAPN;AAAA;AAAA;AAAA;AAAA;AAAA;AAAA;AAAA;AAAA,EAOY;AAGhB;AAACyB,MAlBQD;AAoBT,SAASE,sBAAsB;AAAA,EAC7BnB;AAAAA,EACA,GAAGP;AACyD,GAAG;AAC/D,SACE;AAAA,IAAC,sBAAsB;AAAA,IAAtB;AAAA,MACC,aAAU;AAAA,MACV,WAAWF,GAAG,6BAA6BS,SAAS;AAAA,MACpD,GAAIP;AAAAA;AAAAA,IAHN;AAAA;AAAA;AAAA;AAAA;AAAA;AAAA;AAAA;AAAA,EAGY;AAGhB;AAAC2B,MAXQD;AAaT,SAASE,qBAAqB;AAAA,EAC5BrB;AAAAA,EACA,GAAGP;AACyB,GAAG;AAC/B,SACE;AAAA,IAAC;AAAA;AAAA,MACC,aAAU;AAAA,MACV,WAAWF;AAAAA,QACT;AAAA,QACAS;AAAAA,MACF;AAAA,MACA,GAAIP;AAAAA;AAAAA,IANN;AAAA;AAAA;AAAA;AAAA;AAAA;AAAA;AAAA;AAAA,EAMY;AAGhB;AAAC6B,OAdQD;AAgBT,SAASE,gBAAgB;AAAA,EACvB,GAAG9B;AACmD,GAAG;AACzD,SAAO,uBAAC,sBAAsB,KAAtB,EAA0B,aAAU,qBAAoB,GAAIA,SAA7D;AAAA;AAAA;AAAA;AAAA,SAAmE;AAC5E;AAAC+B,OAJQD;AAMT,SAASE,uBAAuB;AAAA,EAC9BzB;AAAAA,EACAM;AAAAA,EACAI;AAAAA,EACA,GAAGjB;AAGL,GAAG;AACD,SACE;AAAA,IAAC,sBAAsB;AAAA,IAAtB;AAAA,MACC,aAAU;AAAA,MACV,cAAYa;AAAAA,MACZ,WAAWf;AAAAA,QACT;AAAA,QACAS;AAAAA,MACF;AAAA,MACA,GAAIP;AAAAA,MAEHiB;AAAAA;AAAAA,QACD,uBAAC,oBAAiB,WAAU,oBAA5B;AAAA;AAAA;AAAA;AAAA,eAA4C;AAAA;AAAA;AAAA,IAV9C;AAAA;AAAA;AAAA;AAAA;AAAA;AAAA;AAAA;AAAA,EAWA;AAEJ;AAACgB,OAtBQD;AAwBT,SAASE,uBAAuB;AAAA,EAC9B3B;AAAAA,EACA,GAAGP;AAC0D,GAAG;AAChE,SACE;AAAA,IAAC,sBAAsB;AAAA,IAAtB;AAAA,MACC,aAAU;AAAA,MACV,WAAWF;AAAAA,QACT;AAAA,QACAS;AAAAA,MACF;AAAA,MACA,GAAIP;AAAAA;AAAAA,IANN;AAAA;AAAA;AAAA;AAAA;AAAA;AAAA;AAAA;AAAA,EAMY;AAGhB;AAACmC,OAdQD;AAgBT;AAAA,EACEnC;AAAAA,EACAG;AAAAA,EACAE;AAAAA,EACAE;AAAAA,EACAI;AAAAA,EACAc;AAAAA,EACAZ;AAAAA,EACAI;AAAAA,EACAI;AAAAA,EACAE;AAAAA,EACAI;AAAAA,EACAE;AAAAA,EACAE;AAAAA,EACAE;AAAAA,EACAE;AAAAA;AACA,IAAAjC,IAAAE,KAAAE,KAAAI,KAAAE,KAAAI,KAAAI,KAAAE,KAAAE,KAAAE,KAAAE,KAAAE,MAAAE,MAAAE,MAAAE;AAAA,aAAAlC,IAAA;AAAA,aAAAE,KAAA;AAAA,aAAAE,KAAA;AAAA,aAAAI,KAAA;AAAA,aAAAE,KAAA;AAAA,aAAAI,KAAA;AAAA,aAAAI,KAAA;AAAA,aAAAE,KAAA;AAAA,aAAAE,KAAA;AAAA,aAAAE,KAAA;AAAA,aAAAE,KAAA;AAAA,aAAAE,MAAA;AAAA,aAAAE,MAAA;AAAA,aAAAE,MAAA;AAAA,aAAAE,MAAA","names":["DropdownMenuPrimitive","CheckIcon","ChevronRightIcon","CircleIcon","cn","DropdownMenu","props","_c","DropdownMenuPortal","_c2","DropdownMenuTrigger","_c3","DropdownMenuContent","className","sideOffset","_c4","DropdownMenuGroup","_c5","DropdownMenuItem","inset","variant","_c6","DropdownMenuCheckboxItem","children","checked","_c7","DropdownMenuRadioGroup","_c8","DropdownMenuRadioItem","_c9","DropdownMenuLabel","_c0","DropdownMenuSeparator","_c1","DropdownMenuShortcut","_c10","DropdownMenuSub","_c11","DropdownMenuSubTrigger","_c12","DropdownMenuSubContent","_c13"],"ignoreList":[],"sources":["/Users/huqianghui/Downloads/1.github/AI-avatar-vibe-coding/frontend/src/components/ui/dropdown-menu.tsx"],"file":"/Users/huqianghui/Downloads/1.github/AI-avatar-vibe-coding/frontend/src/components/ui/dropdown-menu.tsx"},"_coverageSchema":"1a1c01bbd47fc00a2c39e90264f33305004495a9","hash":"ae390b1e79a18a0374656ca68fe283a9e793e854"},"/Users/huqianghui/Downloads/1.github/AI-avatar-vibe-coding/frontend/src/components/ui/select.tsx":{"path":"/Users/huqianghui/Downloads/1.github/AI-avatar-vibe-coding/frontend/src/components/ui/select.tsx","statementMap":{"0":{"start":{"line":3,"column":20},"end":{"line":3,"column":97}},"1":{"start":{"line":6,"column":0},"end":{"line":16,"column":1}},"2":{"start":{"line":7,"column":2},"end":{"line":11,"column":3}},"3":{"start":{"line":8,"column":4},"end":{"line":10,"column":6}},"4":{"start":{"line":12,"column":2},"end":{"line":12,"column":39}},"5":{"start":{"line":13,"column":2},"end":{"line":13,"column":39}},"6":{"start":{"line":14,"column":2},"end":{"line":14,"column":152}},"7":{
[...]
C,SAAS;AAAA,UAC9Ba,QAAQ;AAAA,UACRtB,MAAMoD,gBAAgB;AAAA,UACtB7B,WAAW,oBAAIC,KAAK;AAAA,QACtB;AACAH,oBAAY,CAACoB,SAAS,CAAC,GAAGA,MAAMa,UAAU,CAAC;AAC3CpB,oBAAY,KAAK;AAAA,MACnB,GAAG,IAAI;AAAA,IACT;AAAA,IACA,CAACd,SAAS8B,MAAM;AAAA,EAClB;AAEA,QAAMK,mBAAmBtE,YAAY,MAAM;AACzC,QAAIuE,QAAQ1C,EAAE,mBAAmB,CAAC,GAAG;AACnCC,eAAS,iBAAiB;AAAA,IAC5B;AAAA,EACF,GAAG,CAACD,GAAGC,QAAQ,CAAC;AAEhB,QAAM0C,yBAAyBxE,YAAY,CAACS,OAAe;AACzDgC;AAAAA,MAAe,CAACe,SACdA,KAAKiB;AAAAA,QAAI,CAACC,QACRA,IAAIjE,OAAOA,KAAK,EAAE,GAAGiE,KAAK/D,SAAS,CAAC+D,IAAI/D,QAAQ,IAAI+D;AAAAA,MACtD;AAAA,IACF;AAAA,EACF,GAAG,EAAE;AAEL,QAAMC,iBAAiB3E,YAAY,MAAM;AACvC,QAAI4C,cAAc,QAAQ;AACxBC,mBAAa,OAAO;AACpBE,wBAAkB,MAAM;AAAA,IAC1B,WAAWD,mBAAmB,QAAQ;AACpCC,wBAAkB,WAAW;AAAA,IAC/B,WAAWD,mBAAmB,aAAa;AACzCC,wBAAkB,YAAY;AAE9BqB,iBAAW,MAAM;AACfrB,0BAAkB,MAAM;AACxBF,qBAAa,MAAM;AAAA,MACrB,GAAG,GAAI;AAAA,IACT;AAAA,EACF,GAAG,CAACD,WAAWE,cAAc,CAAC;AAE9B,SACE,uBAAC,SAAI,WAAU,0CACb;AAAA;AAAA,MAAC;AAAA;AAAA,QACC,aAAaf;AAAAA,QACb,kBAAkB,MAAMC,iBAAiB,CAACwB,SAAS,CAACA,IAAI;AAAA,QACxD,iBAAgB;AAAA,QAChB,iBAAgB;AAAA,QAChB;AAAA,QACA,cAAa;AAAA,QACb,gBAAe;AAAA,QACf,eAAc;AAAA,QACd;AAAA,QACA,oBAAoBgB;AAAAA,QACpB,iBAAiB5D;AAAAA;AAAAA,MAXnB;AAAA;AAAA;AAAA;AAAA;AAAA;AAAA;AAAA;AAAA,IAWuC;AAAA,IAGvC;AAAA,MAAC;AAAA;AAAA,QACC;AAAA,QACA,cAAc0D;AAAAA,QACd;AAAA,QACA,eAAeT;AAAAA,QACf;AAAA,QACA,gBAAgBlB;AAAAA,QAChB;AAAA,QACA;AAAA,QACA;AAAA,QACA,YAAYgC;AAAAA,QACZ;AAAA;AAAA,MAXF;AAAA;AAAA;AAAA;AAAA;AAAA;AAAA;AAAA;AAAA,IAWiC;AAAA,IAGjC;AAAA,MAAC;AAAA;AAAA,QACC,aAAa1C;AAAAA,QACb,kBAAkB,MAAMC,kBAAkB,CAACsB,SAAS,CAACA,IAAI;AAAA,QACzD,OAAO1C;AAAAA,QACP,iBAAiBE;AAAAA,QACjB;AAAA,QACA;AAAA;AAAA,MANF;AAAA;AAAA;AAAA;AAAA;AAAA;AAAA;AAAA;AAAA,IAMuB;AAAA,OAnCzB;AAAA;AAAA;AAAA;AAAA,SAqCA;AAEJ;AAACY,GAjJuBD,iBAAe;AAAA,UACvBvB,gBACGD,WAAW;AAAA;AAAA,KAFNwB;AAAe,IAAAiD;AAAA,aAAAA,IAAA","names":["useCallback","useEffect","useState","useNavigate","useTranslation","LeftPanel","CenterPanel","RightPanel","mockKeyMessages","id","label","checked","mockScoringCriteria","weight","mockHints","text","mockMessageStatuses","status","mockHcpResponses","formatTime","seconds","mins","Math","floor","toString","padStart","secs","TrainingSession","_s","t","navigate","leftCollapsed","setLeftCollapsed","rightCollapsed","setRightCollapsed","messages","setMessages","sender","timestamp","Date","keyMessages","setKeyMessages","avatarEnabled","setAvatarEnabled","inputMode","setInputMode","recordingState","setRecordingState","isTyping","setIsTyping","wordCount","setWordCount","elapsedSeconds","setElapsedSeconds","timer","setInterval","prev","clearInterval","sessionTime","hcpName","hcpInitials","handleSendMessage","newMessage","now","split","length","responseIndex","responseText","setTimeout","hcpMessage","handleEndSession","confirm","handleToggleKeyMessage","map","msg","handleMicClick","_c"],"ignoreList":[],"sources":["/Users/huqianghui/Downloads/1.github/AI-avatar-vibe-coding/frontend/src/pages/user/training-session.tsx"],"file":"/Users/huqianghui/Downloads/1.github/AI-avatar-vibe-coding/frontend/src/pages/user/training-session.tsx"},"_coverageSchema":"1a1c01bbd47fc00a2c39e90264f33305004495a9","hash":"37b8a0d41cf0ab8a6b20b6d2b18aab1b7f966d99"},"/Users/huqianghui/Downloads/1.github/AI-avatar-vibe-coding/frontend/src/pages/not-found.tsx":{"path":"/Users/huqianghui/Downloads/1.github/AI-avatar-vibe-coding/frontend/src/pages/not-found.tsx","statementMap":{"0":{"start":{"line":3,"column":20},"end":{"line":3,"column":97}},"1":{"start":{"line":6,"column":0},"end":{"line":16,"column":1}},"2":{"start":{"line":7,"column":2},"end":{"line":11,"column":3}},"3":{"start":{"line":8,"column":4},"end":{"line":10,"column":6}},"4":{"start":{"line":12,"column":2},"end":{"line":12,"column":39}},"5":{"start":{"line":13,"column":2},"end":{"line":13,"column":39}},"6":{"start":{"line":14,"column":2},"end":{"line":14,"column":147}},"7":{"start":{"line":15,"column":2},"end":{"line":15,"column":75}},"8":{"start":{"line":17,"column":9},"end":{"line":17,"column":23}},"9":{"start":{"line":22,"column":2},"end":{"line":22,"column":7}},"10":{"start":{"line":23,"column":16},"end":{"line":23,"column":40}},"11":{"start":{"line":24,"column":2},"end":{"line":48,"column":11}},"12":{"start":{"line":50,"column":0},"end":{"line":52,"column":3}},"13":{"start":{"line":51,"column":2},"end":{"line":51,"column":26}},"14":{"start":{"line":53,"column":0},"end":{"line":53,"column":14}},"15":{"start":{"line":55,"column":0},"end":{"line":55,"column":29}},"16":{"start":{"line":56,"column":0},"end":{"line":59,"column":1}},"17":{"start":{"line":57,"column":2},"end":{"line":57,"column":39}},"18":{"start":{"line":58,"column":2},"end":{"line":58,"column":39}},"19":{"start":{"line":60,"column":0},"end":{"line":69,"column":1}},"20":{"start":{"line":61,"column":2},"end":{"line":68,"column":5}},"21":{"start":{"line":62,"column":4},"end":{"line":62,"column":160}},"22":{"start":{"line":63,"column":4},"end":{"line":67,"column":7}},"23":{"start":{"line":64,"column":6},"end":{"line":64,"column":31}},"24":{"start":{"line":64,"column":24},"end":{"line":64,"column":31}},"25":{"start":{"line":65,"column":32},"end":{"line":65,"column":209}},"26":{"start":{"line":66,"column":6},"end":{"line":66,"column":75}},"27":{"start":{"line":66,"column":29},"end":{"line":66,"column":75}}},"fnMap":{"0":{"name":"NotFound","decl":{"start":{"line":21,"column":24},"end":{"line":21,"column":32}},"loc":{"start":{"line":21,"column":35},"end":{"line":49,"column":1}},"line":21},"1":{"name":"(anonymous_1)","decl":{"start":{"line":50,"column":52},"end":{"line":50,"column":53}},"loc":{"start":{"line":50,"column":63},"end":{"line":52,"column":1}},"line":50},"2":{"name":"(anonymous_2)","decl":{"start":{"line":61,"column":52},"end":{"line":61,"column":53}},"loc":{"start":{"line":61,"column":72},"end":{"line":68,"column":3}},"line":61},"3":{"name":"(anonymous_3)","decl":{"start":{"line":63,"column":27},"end":{"line":63,"column":28}},"loc":{"start":{"line":63,"column":44},"end":{"line":67,"column":5}},"line":63}},"branchMap":{"0":{"loc":{"start":{"line":3,"column":20},"end":{"line":3,"column":97}},"type":"binary-expr","locations":[{"start":{"line":3,"column":20},"end":{"line":3,"column":60}},{"start":{"line":3,"column":64},"end":{"line":3,"column":97}}],"line":3},"1":{"loc":{"start":{"line":6,"column":0},"end":{"line":16,"column":1}},"type":"if","locations":[{"start":{"line":6,"column":0},"end":{"line":16,"column":1}},{"start":{},"end":{}}],"line":6},"2":{"loc":{"start":{"line":6,"column":4},"end":{"line":6,"column":35}},"type":"binary-expr","locations":[{"start":{"line":6,"column":4},"end":{"line":6,"column":19}},{"start":{"line":6,"column":23},"end":{"line":6,"column":35}}],"line":6},"3":{"loc":{"start":{"line":7,"column":2},"end":{"line":11,"column":3}},"type":"if","locations":[{"start":{"line":7,"column":2},"end":{"line":11,"column":3}},{"start":{},"end":{}}],"line":7},"4":{"loc":{"start":{"line":56,"column":0},"end":{"line":59,"column":1}},"type":"if","locations":[{"start":{"line":56,"column":0},"end":{"line":59,"column":1}},{"start":{},"end":{}}],"line":56},"5":{"loc":{"start":{"line":56,"column":4},"end":{"line":56,"column":35}},"type":"binary-expr","locations":[{"start":{"line":56,"column":4},"end":{"line":56,"column":19}},{"start":{"line":56,"column":23},"end":{"line":56,"column":35}}],"line":56},"6":{"loc":{"start":{"line":60,"column":0},"end":{"line":69,"column":1}},"type":"if","locations":[{"start":{"line":60,"column":0},"end":{"line":69,"column":1}},{"start":{},"end":{}}],"line":60},"7":{"loc":{"start":{"line":60,"column":4},"end":{"line":60,"column":35}},"type":"binary-expr","locations":[{"start":{"line":60,"column":4},"end":{"line":60,"column":19}},{"start":{"line":60,"column":23},"end":{"line":60,"column":35}}],"line":60},"8":{"loc":{"start":{"line":64,"column":6},"end":{"line":64,"column":31}},"type":"if","locations":[{"start":{"line":64,"column":6},"end":{"line":64,"column":31}},{"start":{},"end":{}}],"line":64},"9":{"loc":{"start":{"line":66,"column":6},"end":{"line":66,"column":75}},"type":"if","locations":[{"start":{"line":66,"column":6},"end":{"line":66,"column":75}},{"start":{},"end":{}}],"line":66}},"s":{"0":1,"1":1,"2":1,"3":0,"4":1,"5":1,"6":1,"7":1,"8":1,"9":0,"10":0,"11":0,"12":1,"13":0,"14":1,"15":1,"16":1,"17":1,"18":1,"19":1,"20":1,"21":1,"22":1,"23":0,"24":0,"25":0,"26":0,"27":0},"f":{"0":0,"1":0,"2":1,"3":0},"b":{"0":[1,0],"1":[1,0],"2":[1,1],"3":[0,1],"4":[1,0],"5":[1,1],"6":[1,0],"7":[1,1],"8":[0,0],"9":[0,0]},"inputSourceMap":{"version":3,"mappings":"AASM;;;;;;;;;;;;;;;;;AATN,SAASA,YAAY;AACrB,SAASC,sBAAsB;AAC/B,SAASC,cAAc;AAEvB,wBAAwBC,WAAW;AAAAC,KAAA;AACjC,QAAM,EAAEC,EAAE,IAAIJ,eAAe,QAAQ;AAErC,SACE,uBAAC,SAAI,WAAU,yEACb;AAAA,2BAAC,QAAG,WAAU,4CAA2C,mBAAzD;AAAA;AAAA;AAAA;AAAA,WAA4D;AAAA,IAC5D,uBAAC,OAAE,WAAU,iCAAiCI,YAAE,aAAa,KAA7D;AAAA;AAAA;AAAA;AAAA,WAA+D;AAAA,IAC/D,uBAAC,UAAO,SAAO,MACb,iCAAC,QAAK,IAAG,KACNA,YAAE,SAAS,EAAEC,QAAQ,OAAO,EAAE,KADjC;AAAA;AAAA;AAAA;AAAA,WAEA,KAHF;AAAA;AAAA;AAAA;AAAA,WAIA;AAAA,OAPF;AAAA;AAAA;AAAA;AAAA,SAQA;AAEJ;AAACF,GAduBD,UAAQ;AAAA,UAChBF,cAAc;AAAA;AAAA,KADNE;AAAQ,IAAAI;AAAA,aAAAA,IAAA","names":["Link","useTranslation","Button","NotFound","_s","t","replace","_c"],"ignoreList":[],"sources":["/Users/huqianghui/Downloads/1.github/AI-avatar-vibe-coding/frontend/src/pages/not-found.tsx"],"file":"/Users/huqianghui/Downloads/1.github/AI-avatar-vibe-coding/frontend/src/pages/not-found.tsx"},"_coverageSchema":"1a1c01bbd47fc00a2c39e90264f33305004495a9","hash":"a63dd5af3ba4c7c4ddb0e730b6e09659c3b930d1"},"/Users/huqianghui/Downloads/1.github/AI-avatar-vibe-coding/frontend/src/router/index.tsx":{"path":"/Users/huqianghui/Downloads/1.github/AI-avatar-vibe-coding/frontend/src/router/index.tsx","statementMap":{"0":{"start":{"line":13,"column":22},"end":{"line":110,"column":1}}},"fnMap":{},"branchMap":{},"s":{"0":1},"f":{},"b":{},"inputSourceMap":{"version":3,"mappings":"AAca;AAdb,SAASA,qBAAqBC,gBAAgB;AAC9C,SAASC,gBAAgBC,YAAYC,kBAAkB;AACvD,SAASC,kBAAkB;AAC3B,SAASC,mBAAmB;AAC5B,SAASC,kBAAkB;AAC3B,OAAOC,eAAe;AACtB,OAAOC,mBAAmB;AAC1B,OAAOC,uBAAuB;AAC9B,OAAOC,oBAAoB;AAC3B,OAAOC,qBAAqB;AAC5B,OAAOC,cAAc;AAEd,aAAMC,SAASd;AAAAA,EAAoB;AAAA,IACxC;AAAA,MACEe,SAAS,uBAAC,gBAAD;AAAA;AAAA;AAAA;AAAA,aAAW;AAAA,MACpBC,UAAU;AAAA,QACR;AAAA,UACED,SAAS,uBAAC,gBAAD;AAAA;AAAA;AAAA;AAAA,iBAAW;AAAA,UACpBC,UAAU,CAAC,EAAEC,MAAM,UAAUF,SAAS,uBAAC,eAAD;AAAA;AAAA;AAAA;AAAA,iBAAU,EAAI,CAAC;AAAA,QACvD;AAAA,MAAC;AAAA,IAEL;AAAA,IACA;AAAA,MACEA,SAAS,uBAAC,oBAAD;AAAA;AAAA;AAAA;AAAA,aAAe;AAAA,MACxBC,UAAU;AAAA,QACR;AAAA,UACEC,MAAM;AAAA,UACNF,SAAS,uBAAC,gBAAD;AAAA;AAAA;AAAA;AAAA,iBAAW;AAAA,UACpBC,UAAU;AAAA,YACR,EAAEC,MAAM,aAAaF,SAAS,uBAAC,mBAAD;AAAA;AAAA;AAAA;AAAA,mBAAc,EAAI;AAAA,YAChD,EAAEE,MAAM,YAAYF,SAAS,uBAAC,uBAAD;AAAA;AAAA;AAAA;AAAA,mBAAkB,EAAI;AAAA;AAAA,UACnD;AAAA,QAEJ;AAAA,QACA;AAAA,UACEE,MAAM;AAAA,UACNF,SAAS,uBAAC,qBAAD;AAAA;AAAA;AAAA;AAAA,iBAAgB;AAAA,QAC3B;AAAA,QACA;AAAA,UACEA,SAAS,uBAAC,gBAAD;AAAA;AAAA;AAAA;AAAA,iBAAW;AAAA,UACpBC,UAAU;AAAA,YACR;AAAA,cACEC,MAAM;AAAA,cACNF,SAAS,uBAAC,iBAAD;AAAA;AAAA;AAAA;AAAA,qBAAY;AAAA,cACrBC,UAAU;AAAA,gBACR,EAAEC,MAAM,aAAaF,SAAS,uBAAC,oBAAD;AAAA;AAAA;AAAA;AAAA,uBAAe,EAAI;AAAA;AAAA,cACjD;AAAA,YAEJ;AAAA,UAAC;AAAA,QAEL;AAAA,MAAC;AAAA,IAEL;AAAA,IACA,EAAEE,MAAM,KAAKF,SAAS,uBAAC,YAAS,IAAG,UAAS,SAAO,QAA7B;AAAA;AAAA;AAAA;AAAA,WAA6B,EAAI;AAAA,IACvD,EAAEE,MAAM,KAAKF,SAAS,uBAAC,cAAD;AAAA;AAAA;AAAA;AAAA,WAAS,EAAI;AAAA,EAAC;AACrC","names":["createBrowserRouter","Navigate","ProtectedRoute","AdminRoute","GuestRoute","UserLayout","AdminLayout","AuthLayout","LoginPage","UserDashboard","ScenarioSelection","AdminDashboard","TrainingSession","NotFound","router","element","children","path"],"ignoreList":[],"sources":["/Users/huqianghui/Downloads/1.github/AI-avatar-vibe-coding/frontend/src/router/index.tsx"],"file":"/Users/huqianghui/Downloads/1.github/AI-avatar-vibe-coding/frontend/src/router/index.tsx"},"_coverageSchema":"1a1c01bbd47fc00a2c39e90264f33305004495a9","hash":"7dd5e405379191e2da9eb63ee8ff3b2905ee0bfb"},"/Users/huqianghui/Downloads/1.github/AI-avatar-vibe-coding/frontend/src/App.tsx":{"path":"/Users/huqianghui/Downloads/1.github/AI-avatar-vibe-coding/frontend/src/App.tsx","statementMap":{"0":{"start":{"line":3,"column":20},"end":{"line":3,"column":97}},"1":{"start":{"line":6,"column":0},"end":{"line":16,"column":1}},"2":{"start":{"line":7,"column":2},"end":{"line":11,"column":3}},"3":{"start":{"line":8,"column":4},"end":{"line":10,"column":6}},"4":{"start":{"line":12,"column":2},"end":{"line":12,"column":39}},"5":{"start":{"line":13,"column":2},"end":{"line":13,"column":39}},"6":{"start":{"line":14,"column":2},"end":{"line":14,"column":135}},"7":{"start":{"line":15,"column":2},"end":{"line":15,"column":75}},"8":{"start":{"line":23,"column":20},"end":{"line":27,"column":2}},"9":{"start":{"line":29,"column":2},"end":{"line":66,"column":11}},"10":{"start":{"line":68,"column":0},"end":{"line":68,"column":9}},"11":{"start":{"line":70,"column":0},"end":{"line":70,"column":24}},"12":{"start":{"line":71,"column":0},"end":{"line":74,"column":1}},"13":{"start":{"line":72,"column":2},"end":{"line":72,"column":39}},"14":{"start":{"line":73,"column":2},"end":{"line":73,"column":39}},"15":{"start":{"line":75,"column":0},"end":{"line":84,"column":1}},"16":{"start":{"line":76,"column":2},"end":{"line":83,"column":5}},"17":{"start":{"line":77,"column":4},"end":{"line":77,"column":148}},"18":{"start":{"line":78,"column":4},"end":{"line":82,"column":7}},"19":{"start":{"line":79,"column":6},"end":{"line":79,"column":31}},"20":{"start":{"line":79,"column":24},"end":{"line":79,"column":31}},"21":{"start":{"line":80,"column":32},"end":{"line":80,"column":197}},"22":{"start":{"line":81,"column":6},"end":{"line":81,"column":75}},"23":{"start":{"line":81,"column":29},"end":{"line":81,"column":75}}},"fnMap":{"0":{"name":"App","decl":{"start":{"line":28,"column":24},"end":{"line":28,"column":27}},"loc":{"start":{"line":28,"column":30},"end":{"line":67,"column":1}},"line":28},"1":{"name":"(anonymous_1)","decl":{"start":{"line":76,"column":52},"end":{"line":76,"column":53}},"loc":{"start":{"line":76,"column":72},"end":{"line":83,"column":3}},"line":76},"2":{"name":"(anonymous_2)","decl":{"start":{"line":78,"column":27},"end":{"line":78,"column":28}},"loc":{"start":{"line":78,"column":44},"end":{"line":82,"column":5}},"line":78}},"branchMap":{"0":{"loc":{"start":{"line":3,"column":20},"end":{"line":3,"column":97}},"type":"binary-expr","locations":[{"start":{"line":3,"column":20},"end":{"line":3,"column":60}},{"start":{"line":3,"column":64},"end":{"line":3,"column":97}}],"line":3},"1":{"loc":{"start":{"line":6,"column":0},"end":{"line":16,"column":1}},"type":"if","locations":[{"start":{"line":6,"column":0},"end":{"line":16,"column":1}},{"start":{},"end":{}}],"line":6},"2":{"loc":{"start":{"line":6,"column":4},"end":{"line":6,"column":35}},"type":"binary-expr","locations":[{"start":{"line":6,"column":4},"end":{"line":6,"column":19}},{"start":{"line":6,"column":23},"end":{"line":6,"column":35}}],"line":6},"3":{"loc":{"start":{"line":7,"column":2},"end":{"line":11,"column":3}},"type":"if","locations":[{"start":{"line":7,"column":2},"end":{"line":11,"column":3}},{"start":{},"end":{}}],"line":7},"4":{"loc":{"start":{"line":71,"column":0},"end":{"line":74,"column":1}},"type":"if","locations":[{"start":{"line":71,"column":0},"end":{"line":74,"column":1}},{"start":{},"end":{}}],"line":71},"5":{"loc":{"start":{"line":71,"column":4},"end":{"line":71,"column":35}},"type":"binary-expr","locations":[{"start":{"line":71,"column":4},"end":{"line":71,"column":19}},{"start":{"line":71,"column":23},"end":{"line":71,"column":35}}],"line":71},"6":{"loc":{"start":{"line":75,"column":0},"end":{"line":84,"column":1}},"type":"if","locations":[{"start":{"line":75,"column":0},"end":{"line":84,"column":1}},{"start":{},"end":{}}],"line":75},"7":{"loc":{"start":{"line":75,"column":4},"end":{"line":75,"column":35}},"type":"binary-expr","locations":[{"start":{"line":75,"column":4},"end":{"line":75,"column":19}},{"start":{"line":75,"column":23},"end":{"line":75,"column":35}}],"line":75},"8":{"loc":{"start":{"line":79,"column":6},"end":{"line":79,"column":31}},"type":"if","locations":[{"start":{"line":79,"column":6},"end":{"line":79,"column":31}},{"start":{},"end":{}}],"line":79},"9":{"loc":{"start":{"line":81,"column":6},"end":{"line":81,"column":75}},"type":"if","locations":[{"start":{"line":81,"column":6},"end":{"line":81,"column":75}},{"start":{},"end":{}}],"line":81}},"s":{"0":1,"1":1,"2":1,"3":0,"4":1,"5":1,"6":1,"7":1,"8":1,"9":3,"10":1,"11":1,"12":1,"13":1,"14":1,"15":1,"16":1,"17":1,"18":1,"19":0,"20":0,"21":0,"22":0,"23":0},"f":{"0":3,"1":1,"2":0},"b":{"0":[1,0],"1":[1,0],"2":[1,1],"3":[0,1],"4":[1,0],"5":[1,1],"6":[1,0],"7":[1,1],"8":[0,0],"9":[0,0]},"inputSourceMap":{"version":3,"mappings":"AAmBY;;;;;;;;;;;;;;;;AAnBZ,SAASA,gBAAgB;AACzB,SAASC,aAAaC,2BAA2B;AACjD,SAASC,sBAAsB;AAC/B,SAASC,cAAc;AACvB,SAASC,eAAe;AACxB,SAASC,sBAAsB;AAE/B,MAAMC,cAAc,IAAIN,YAAY;AAAA,EAClCO,gBAAgB;AAAA,IACdC,SAAS,EAAEC,WAAW,IAAI,KAAK,KAAMC,OAAO,EAAE;AAAA,EAChD;AACF,CAAC;AAED,wBAAwBC,MAAM;AAC5B,SACE,uBAAC,uBAAoB,QAAQL,aAC3B;AAAA,2BAAC,kBACC;AAAA,MAAC;AAAA;AAAA,QACC,UACE,uBAAC,SAAI,WAAU,6CAA2C,0BAA1D;AAAA;AAAA;AAAA;AAAA,eAEA;AAAA,QAGF,iCAAC,kBAAe,UAAhB;AAAA;AAAA;AAAA;AAAA,eAA+B;AAAA;AAAA,MAPjC;AAAA;AAAA;AAAA;AAAA;AAAA;AAAA;AAAA;AAAA,IAQA,KATF;AAAA;AAAA;AAAA;AAAA,WAUA;AAAA,IACA,uBAAC,WAAQ,UAAS,eAAlB;AAAA;AAAA;AAAA;AAAA,WAA6B;AAAA,OAZ/B;AAAA;AAAA;AAAA;AAAA,SAaA;AAEJ;AAACM,KAjBuBD;AAAG,IAAAC;AAAA,aAAAA,IAAA","names":["Suspense","QueryClient","QueryClientProvider","RouterProvider","router","Toaster","ConfigProvider","queryClient","defaultOptions","queries","staleTime","retry","App","_c"],"ignoreList":[],"sources":["/Users/huqianghui/Downloads/1.github/AI-avatar-vibe-coding/frontend/src/App.tsx"],"file":"/Users/huqianghui/Downloads/1.github/AI-avatar-vibe-coding/frontend/src/App.tsx"},"_coverageSchema":"1a1c01bbd47fc00a2c39e90264f33305004495a9","hash":"58e13062763e9257edc7b0cbd7620df01ed2180c"},"/Users/huqianghui/Downloads/1.github/AI-avatar-vibe-coding/frontend/src/i18n/index.ts":{"path":"/Users/huqianghui/Downloads/1.github/AI-avatar-vibe-coding/frontend/src/i18n/index.ts","statementMap":{"0":{"start":{"line":5,"column":0},"end":{"line":24,"column":3}}},"fnMap":{},"branchMap":{},"s":{"0":1},"f":{},"b":{},"inputSourceMap":{"version":3,"sources":["/Users/huqianghui/Downloads/1.github/AI-avatar-vibe-coding/frontend/src/i18n/index.ts"],"mappings":"AAAA,OAAO,UAAU;AACjB,SAAS,wBAAwB;AACjC,OAAO,sBAAsB;AAC7B,OAAO,iBAAiB;AAExB,KACG,IAAI,WAAW,EACf,IAAI,gBAAgB,EACpB,IAAI,gBAAgB,EACpB,KAAK;AAAA,EACJ,aAAa;AAAA,EACb,eAAe,CAAC,SAAS,OAAO;AAAA,EAChC,WAAW;AAAA,EACX,IAAI,CAAC,UAAU,QAAQ,OAAO,aAAa,UAAU;AAAA,EACrD,SAAS;AAAA,IACP,UAAU;AAAA,EACZ;AAAA,EACA,WAAW;AAAA,IACT,OAAO,CAAC,gBAAgB,WAAW;AAAA,IACnC,QAAQ,CAAC,cAAc;AAAA,IACvB,oBAAoB;AAAA,EACtB;AAAA,EACA,eAAe;AAAA,IACb,aAAa;AAAA,EACf;AAAA,EACA,OAAO;AAAA,IACL,aAAa;AAAA,EACf;AACF,CAAC;AAEH,eAAe;","names":[]},"_coverageSchema":"1a1c01bbd47fc00a2c39e90264f33305004495a9","hash":"9e91d27a00251f57da5320952e8e4cc25f166be5"},"/Users/huqianghui/Downloads/1.github/AI-avatar-vibe-coding/frontend/src/main.tsx":{"path":"/Users/huqianghui/Downloads/1.github/AI-avatar-vibe-coding/frontend/src/main.tsx","statementMap":{"0":{"start":{"line":7,"column":0},"end":{"line":17,"column":2}}},"fnMap":{},"branchMap":{},"s":{"0":1},"f":{},"b":{},"inputSourceMap":{"version":3,"mappings":"AAQI;AARJ,OAAOA,WAAW;AAClB,OAAOC,cAAc;AACrB,OAAOC,SAAS;AAChB,OAAO;AACP,OAAO;AAEPD,SAASE,WAAWC,SAASC,eAAe,MAAM,CAAE,EAAEC;AAAAA,EACpD,uBAAC,MAAM,YAAN,EACC,iCAAC,SAAD;AAAA;AAAA;AAAA;AAAA,SAAI,KADN;AAAA;AAAA;AAAA;AAAA,SAEA;AACF","names":["React","ReactDOM","App","createRoot","document","getElementById","render"],"ignoreList":[],"sources":["/Users/huqianghui/Downloads/1.github/AI-avatar-vibe-coding/frontend/src/main.tsx"],"file":"/Users/huqianghui/Downloads/1.github/AI-avatar-vibe-coding/frontend/src/main.tsx"},"_coverageSchema":"1a1c01bbd47fc00a2c39e90264f33305004495a9","hash":"73a60d1ed2f6cfedd7ad1a3e6de31f7979783cef"}}